{"D:\\7th Semester\\ECE 461\\phase 2\\our phase 2\\new\\Package-manager-phase-2-\\src\\controller.ts": {"path":"D:\\7th Semester\\ECE 461\\phase 2\\our phase 2\\new\\Package-manager-phase-2-\\src\\controller.ts","all":false,"statementMap":{"0":{"start":{"line":1,"column":0},"end":{"line":1,"column":16}},"26":{"start":{"line":27,"column":0},"end":{"line":27,"column":61}},"27":{"start":{"line":28,"column":0},"end":{"line":28,"column":58}},"28":{"start":{"line":29,"column":0},"end":{"line":29,"column":43}},"30":{"start":{"line":31,"column":0},"end":{"line":31,"column":49}},"31":{"start":{"line":32,"column":0},"end":{"line":32,"column":11}},"32":{"start":{"line":33,"column":0},"end":{"line":33,"column":31}},"33":{"start":{"line":34,"column":0},"end":{"line":34,"column":38}},"34":{"start":{"line":35,"column":0},"end":{"line":35,"column":20}},"36":{"start":{"line":37,"column":0},"end":{"line":37,"column":40}},"37":{"start":{"line":38,"column":0},"end":{"line":38,"column":23}},"38":{"start":{"line":39,"column":0},"end":{"line":39,"column":5}},"39":{"start":{"line":40,"column":0},"end":{"line":40,"column":2}},"41":{"start":{"line":42,"column":0},"end":{"line":42,"column":69}},"42":{"start":{"line":43,"column":0},"end":{"line":43,"column":29}},"43":{"start":{"line":44,"column":0},"end":{"line":44,"column":17}},"44":{"start":{"line":45,"column":0},"end":{"line":45,"column":88}},"45":{"start":{"line":46,"column":0},"end":{"line":46,"column":34}},"46":{"start":{"line":47,"column":0},"end":{"line":47,"column":11}},"47":{"start":{"line":48,"column":0},"end":{"line":48,"column":3}},"48":{"start":{"line":49,"column":0},"end":{"line":49,"column":38}},"49":{"start":{"line":50,"column":0},"end":{"line":50,"column":7}},"50":{"start":{"line":51,"column":0},"end":{"line":51,"column":37}},"51":{"start":{"line":52,"column":0},"end":{"line":52,"column":56}},"52":{"start":{"line":53,"column":0},"end":{"line":53,"column":3}},"53":{"start":{"line":54,"column":0},"end":{"line":54,"column":17}},"54":{"start":{"line":55,"column":0},"end":{"line":55,"column":60}},"55":{"start":{"line":56,"column":0},"end":{"line":56,"column":61}},"56":{"start":{"line":57,"column":0},"end":{"line":57,"column":13}},"57":{"start":{"line":58,"column":0},"end":{"line":58,"column":27}},"58":{"start":{"line":59,"column":0},"end":{"line":59,"column":3}},"59":{"start":{"line":60,"column":0},"end":{"line":60,"column":2}},"61":{"start":{"line":62,"column":0},"end":{"line":62,"column":94}},"62":{"start":{"line":63,"column":0},"end":{"line":63,"column":69}},"63":{"start":{"line":64,"column":0},"end":{"line":64,"column":67}},"64":{"start":{"line":65,"column":0},"end":{"line":65,"column":27}},"66":{"start":{"line":67,"column":0},"end":{"line":67,"column":48}},"67":{"start":{"line":68,"column":0},"end":{"line":68,"column":46}},"68":{"start":{"line":69,"column":0},"end":{"line":69,"column":34}},"70":{"start":{"line":71,"column":0},"end":{"line":71,"column":7}},"71":{"start":{"line":72,"column":0},"end":{"line":72,"column":46}},"72":{"start":{"line":73,"column":0},"end":{"line":73,"column":43}},"74":{"start":{"line":75,"column":0},"end":{"line":75,"column":25}},"75":{"start":{"line":76,"column":0},"end":{"line":76,"column":56}},"76":{"start":{"line":77,"column":0},"end":{"line":77,"column":14}},"77":{"start":{"line":78,"column":0},"end":{"line":78,"column":61}},"78":{"start":{"line":79,"column":0},"end":{"line":79,"column":31}},"80":{"start":{"line":81,"column":0},"end":{"line":81,"column":33}},"81":{"start":{"line":82,"column":0},"end":{"line":82,"column":77}},"82":{"start":{"line":83,"column":0},"end":{"line":83,"column":109}},"83":{"start":{"line":84,"column":0},"end":{"line":84,"column":77}},"84":{"start":{"line":85,"column":0},"end":{"line":85,"column":40}},"85":{"start":{"line":86,"column":0},"end":{"line":86,"column":70}},"86":{"start":{"line":87,"column":0},"end":{"line":87,"column":109}},"87":{"start":{"line":88,"column":0},"end":{"line":88,"column":63}},"88":{"start":{"line":89,"column":0},"end":{"line":89,"column":43}},"89":{"start":{"line":90,"column":0},"end":{"line":90,"column":83}},"90":{"start":{"line":91,"column":0},"end":{"line":91,"column":110}},"91":{"start":{"line":92,"column":0},"end":{"line":92,"column":53}},"92":{"start":{"line":93,"column":0},"end":{"line":93,"column":16}},"93":{"start":{"line":94,"column":0},"end":{"line":94,"column":67}},"94":{"start":{"line":95,"column":0},"end":{"line":95,"column":36}},"95":{"start":{"line":96,"column":0},"end":{"line":96,"column":9}},"97":{"start":{"line":98,"column":0},"end":{"line":98,"column":25}},"98":{"start":{"line":99,"column":0},"end":{"line":99,"column":35}},"99":{"start":{"line":100,"column":0},"end":{"line":100,"column":7}},"100":{"start":{"line":101,"column":0},"end":{"line":101,"column":5}},"103":{"start":{"line":104,"column":0},"end":{"line":104,"column":47}},"106":{"start":{"line":107,"column":0},"end":{"line":107,"column":21}},"107":{"start":{"line":108,"column":0},"end":{"line":108,"column":87}},"108":{"start":{"line":109,"column":0},"end":{"line":109,"column":36}},"110":{"start":{"line":111,"column":0},"end":{"line":111,"column":46}},"111":{"start":{"line":112,"column":0},"end":{"line":112,"column":52}},"114":{"start":{"line":115,"column":0},"end":{"line":115,"column":60}},"115":{"start":{"line":116,"column":0},"end":{"line":116,"column":27}},"118":{"start":{"line":119,"column":0},"end":{"line":119,"column":99}},"119":{"start":{"line":120,"column":0},"end":{"line":120,"column":39}},"120":{"start":{"line":121,"column":0},"end":{"line":121,"column":19}},"121":{"start":{"line":122,"column":0},"end":{"line":122,"column":50}},"122":{"start":{"line":123,"column":0},"end":{"line":123,"column":61}},"123":{"start":{"line":124,"column":0},"end":{"line":124,"column":3}},"124":{"start":{"line":125,"column":0},"end":{"line":125,"column":2}},"125":{"start":{"line":126,"column":0},"end":{"line":126,"column":71}},"126":{"start":{"line":127,"column":0},"end":{"line":127,"column":64}},"127":{"start":{"line":128,"column":0},"end":{"line":128,"column":34}},"128":{"start":{"line":129,"column":0},"end":{"line":129,"column":40}},"129":{"start":{"line":130,"column":0},"end":{"line":130,"column":40}},"130":{"start":{"line":131,"column":0},"end":{"line":131,"column":37}},"131":{"start":{"line":132,"column":0},"end":{"line":132,"column":29}},"133":{"start":{"line":134,"column":0},"end":{"line":134,"column":49}},"134":{"start":{"line":135,"column":0},"end":{"line":135,"column":152}},"135":{"start":{"line":136,"column":0},"end":{"line":136,"column":64}},"136":{"start":{"line":137,"column":0},"end":{"line":137,"column":13}},"137":{"start":{"line":138,"column":0},"end":{"line":138,"column":5}},"139":{"start":{"line":140,"column":0},"end":{"line":140,"column":40}},"141":{"start":{"line":142,"column":0},"end":{"line":142,"column":9}},"142":{"start":{"line":143,"column":0},"end":{"line":143,"column":34}},"144":{"start":{"line":145,"column":0},"end":{"line":145,"column":78}},"145":{"start":{"line":146,"column":0},"end":{"line":146,"column":51}},"146":{"start":{"line":147,"column":0},"end":{"line":147,"column":59}},"147":{"start":{"line":148,"column":0},"end":{"line":148,"column":33}},"148":{"start":{"line":149,"column":0},"end":{"line":149,"column":20}},"153":{"start":{"line":154,"column":0},"end":{"line":154,"column":46}},"156":{"start":{"line":157,"column":0},"end":{"line":157,"column":77}},"157":{"start":{"line":158,"column":0},"end":{"line":158,"column":45}},"159":{"start":{"line":160,"column":0},"end":{"line":160,"column":30}},"161":{"start":{"line":162,"column":0},"end":{"line":162,"column":20}},"162":{"start":{"line":163,"column":0},"end":{"line":163,"column":22}},"163":{"start":{"line":164,"column":0},"end":{"line":164,"column":28}},"164":{"start":{"line":165,"column":0},"end":{"line":165,"column":17}},"165":{"start":{"line":166,"column":0},"end":{"line":166,"column":12}},"166":{"start":{"line":167,"column":0},"end":{"line":167,"column":16}},"167":{"start":{"line":168,"column":0},"end":{"line":168,"column":28}},"168":{"start":{"line":169,"column":0},"end":{"line":169,"column":31}},"169":{"start":{"line":170,"column":0},"end":{"line":170,"column":11}},"170":{"start":{"line":171,"column":0},"end":{"line":171,"column":11}},"171":{"start":{"line":172,"column":0},"end":{"line":172,"column":75}},"173":{"start":{"line":174,"column":0},"end":{"line":174,"column":37}},"174":{"start":{"line":175,"column":0},"end":{"line":175,"column":14}},"177":{"start":{"line":178,"column":0},"end":{"line":178,"column":38}},"178":{"start":{"line":179,"column":0},"end":{"line":179,"column":61}},"179":{"start":{"line":180,"column":0},"end":{"line":180,"column":51}},"181":{"start":{"line":182,"column":0},"end":{"line":182,"column":24}},"182":{"start":{"line":183,"column":0},"end":{"line":183,"column":15}},"183":{"start":{"line":184,"column":0},"end":{"line":184,"column":17}},"184":{"start":{"line":185,"column":0},"end":{"line":185,"column":24}},"185":{"start":{"line":186,"column":0},"end":{"line":186,"column":21}},"186":{"start":{"line":187,"column":0},"end":{"line":187,"column":31}},"187":{"start":{"line":188,"column":0},"end":{"line":188,"column":21}},"188":{"start":{"line":189,"column":0},"end":{"line":189,"column":10}},"189":{"start":{"line":190,"column":0},"end":{"line":190,"column":45}},"190":{"start":{"line":191,"column":0},"end":{"line":191,"column":65}},"191":{"start":{"line":192,"column":0},"end":{"line":192,"column":45}},"192":{"start":{"line":193,"column":0},"end":{"line":193,"column":55}},"193":{"start":{"line":194,"column":0},"end":{"line":194,"column":56}},"194":{"start":{"line":195,"column":0},"end":{"line":195,"column":55}},"197":{"start":{"line":198,"column":0},"end":{"line":198,"column":56}},"198":{"start":{"line":199,"column":0},"end":{"line":199,"column":64}},"200":{"start":{"line":201,"column":0},"end":{"line":201,"column":77}},"201":{"start":{"line":202,"column":0},"end":{"line":202,"column":46}},"204":{"start":{"line":205,"column":0},"end":{"line":205,"column":30}},"206":{"start":{"line":207,"column":0},"end":{"line":207,"column":20}},"207":{"start":{"line":208,"column":0},"end":{"line":208,"column":22}},"208":{"start":{"line":209,"column":0},"end":{"line":209,"column":28}},"209":{"start":{"line":210,"column":0},"end":{"line":210,"column":17}},"210":{"start":{"line":211,"column":0},"end":{"line":211,"column":12}},"211":{"start":{"line":212,"column":0},"end":{"line":212,"column":16}},"212":{"start":{"line":213,"column":0},"end":{"line":213,"column":34}},"213":{"start":{"line":214,"column":0},"end":{"line":214,"column":31}},"214":{"start":{"line":215,"column":0},"end":{"line":215,"column":11}},"215":{"start":{"line":216,"column":0},"end":{"line":216,"column":11}},"217":{"start":{"line":218,"column":0},"end":{"line":218,"column":37}},"218":{"start":{"line":219,"column":0},"end":{"line":219,"column":37}},"219":{"start":{"line":220,"column":0},"end":{"line":220,"column":63}},"220":{"start":{"line":221,"column":0},"end":{"line":221,"column":9}},"221":{"start":{"line":222,"column":0},"end":{"line":222,"column":37}},"222":{"start":{"line":223,"column":0},"end":{"line":223,"column":29}},"223":{"start":{"line":224,"column":0},"end":{"line":224,"column":9}},"225":{"start":{"line":226,"column":0},"end":{"line":226,"column":7}},"226":{"start":{"line":227,"column":0},"end":{"line":227,"column":21}},"227":{"start":{"line":228,"column":0},"end":{"line":228,"column":37}},"228":{"start":{"line":229,"column":0},"end":{"line":229,"column":58}},"229":{"start":{"line":230,"column":0},"end":{"line":230,"column":63}},"230":{"start":{"line":231,"column":0},"end":{"line":231,"column":15}},"231":{"start":{"line":232,"column":0},"end":{"line":232,"column":23}},"233":{"start":{"line":234,"column":0},"end":{"line":234,"column":5}},"234":{"start":{"line":235,"column":0},"end":{"line":235,"column":4}},"236":{"start":{"line":237,"column":0},"end":{"line":237,"column":69}},"238":{"start":{"line":239,"column":0},"end":{"line":239,"column":33}},"239":{"start":{"line":240,"column":0},"end":{"line":240,"column":52}},"241":{"start":{"line":242,"column":0},"end":{"line":242,"column":38}},"242":{"start":{"line":243,"column":0},"end":{"line":243,"column":7}},"243":{"start":{"line":244,"column":0},"end":{"line":244,"column":36}},"244":{"start":{"line":245,"column":0},"end":{"line":245,"column":32}},"245":{"start":{"line":246,"column":0},"end":{"line":246,"column":31}},"247":{"start":{"line":248,"column":0},"end":{"line":248,"column":63}},"249":{"start":{"line":250,"column":0},"end":{"line":250,"column":41}},"250":{"start":{"line":251,"column":0},"end":{"line":251,"column":45}},"251":{"start":{"line":252,"column":0},"end":{"line":252,"column":37}},"252":{"start":{"line":253,"column":0},"end":{"line":253,"column":64}},"253":{"start":{"line":254,"column":0},"end":{"line":254,"column":14}},"254":{"start":{"line":255,"column":0},"end":{"line":255,"column":5}},"256":{"start":{"line":257,"column":0},"end":{"line":257,"column":46}},"259":{"start":{"line":260,"column":0},"end":{"line":260,"column":37}},"260":{"start":{"line":261,"column":0},"end":{"line":261,"column":53}},"261":{"start":{"line":262,"column":0},"end":{"line":262,"column":60}},"263":{"start":{"line":264,"column":0},"end":{"line":264,"column":33}},"265":{"start":{"line":266,"column":0},"end":{"line":266,"column":26}},"266":{"start":{"line":267,"column":0},"end":{"line":267,"column":17}},"267":{"start":{"line":268,"column":0},"end":{"line":268,"column":32}},"268":{"start":{"line":269,"column":0},"end":{"line":269,"column":38}},"269":{"start":{"line":270,"column":0},"end":{"line":270,"column":28}},"270":{"start":{"line":271,"column":0},"end":{"line":271,"column":8}},"271":{"start":{"line":272,"column":0},"end":{"line":272,"column":13}},"272":{"start":{"line":273,"column":0},"end":{"line":273,"column":51}},"273":{"start":{"line":274,"column":0},"end":{"line":274,"column":43}},"274":{"start":{"line":275,"column":0},"end":{"line":275,"column":38}},"275":{"start":{"line":276,"column":0},"end":{"line":276,"column":30}},"276":{"start":{"line":277,"column":0},"end":{"line":277,"column":8}},"277":{"start":{"line":278,"column":0},"end":{"line":278,"column":7}},"279":{"start":{"line":280,"column":0},"end":{"line":280,"column":17}},"280":{"start":{"line":281,"column":0},"end":{"line":281,"column":35}},"281":{"start":{"line":282,"column":0},"end":{"line":282,"column":58}},"282":{"start":{"line":283,"column":0},"end":{"line":283,"column":61}},"283":{"start":{"line":284,"column":0},"end":{"line":284,"column":13}},"284":{"start":{"line":285,"column":0},"end":{"line":285,"column":21}},"285":{"start":{"line":286,"column":0},"end":{"line":286,"column":3}},"286":{"start":{"line":287,"column":0},"end":{"line":287,"column":2}},"288":{"start":{"line":289,"column":0},"end":{"line":289,"column":76}},"289":{"start":{"line":290,"column":0},"end":{"line":290,"column":29}},"291":{"start":{"line":292,"column":0},"end":{"line":292,"column":15}},"292":{"start":{"line":293,"column":0},"end":{"line":293,"column":126}},"293":{"start":{"line":294,"column":0},"end":{"line":294,"column":46}},"294":{"start":{"line":295,"column":0},"end":{"line":295,"column":11}},"295":{"start":{"line":296,"column":0},"end":{"line":296,"column":3}},"296":{"start":{"line":297,"column":0},"end":{"line":297,"column":38}},"297":{"start":{"line":298,"column":0},"end":{"line":298,"column":7}},"300":{"start":{"line":301,"column":0},"end":{"line":301,"column":75}},"302":{"start":{"line":303,"column":0},"end":{"line":303,"column":40}},"303":{"start":{"line":304,"column":0},"end":{"line":304,"column":73}},"304":{"start":{"line":305,"column":0},"end":{"line":305,"column":65}},"305":{"start":{"line":306,"column":0},"end":{"line":306,"column":14}},"306":{"start":{"line":307,"column":0},"end":{"line":307,"column":5}},"308":{"start":{"line":309,"column":0},"end":{"line":309,"column":25}},"309":{"start":{"line":310,"column":0},"end":{"line":310,"column":52}},"311":{"start":{"line":312,"column":0},"end":{"line":312,"column":53}},"312":{"start":{"line":313,"column":0},"end":{"line":313,"column":55}},"313":{"start":{"line":314,"column":0},"end":{"line":314,"column":61}},"315":{"start":{"line":316,"column":0},"end":{"line":316,"column":25}},"316":{"start":{"line":317,"column":0},"end":{"line":317,"column":18}},"317":{"start":{"line":318,"column":0},"end":{"line":318,"column":24}},"318":{"start":{"line":319,"column":0},"end":{"line":319,"column":30}},"319":{"start":{"line":320,"column":0},"end":{"line":320,"column":19}},"320":{"start":{"line":321,"column":0},"end":{"line":321,"column":9}},"321":{"start":{"line":322,"column":0},"end":{"line":322,"column":9}},"322":{"start":{"line":323,"column":0},"end":{"line":323,"column":5}},"323":{"start":{"line":324,"column":0},"end":{"line":324,"column":38}},"325":{"start":{"line":326,"column":0},"end":{"line":326,"column":3}},"326":{"start":{"line":327,"column":0},"end":{"line":327,"column":17}},"327":{"start":{"line":328,"column":0},"end":{"line":328,"column":57}},"328":{"start":{"line":329,"column":0},"end":{"line":329,"column":61}},"329":{"start":{"line":330,"column":0},"end":{"line":330,"column":13}},"330":{"start":{"line":331,"column":0},"end":{"line":331,"column":27}},"331":{"start":{"line":332,"column":0},"end":{"line":332,"column":3}},"332":{"start":{"line":333,"column":0},"end":{"line":333,"column":2}},"335":{"start":{"line":336,"column":0},"end":{"line":336,"column":69}},"336":{"start":{"line":337,"column":0},"end":{"line":337,"column":96}},"339":{"start":{"line":340,"column":0},"end":{"line":340,"column":38}},"340":{"start":{"line":341,"column":0},"end":{"line":341,"column":44}},"341":{"start":{"line":342,"column":0},"end":{"line":342,"column":57}},"342":{"start":{"line":343,"column":0},"end":{"line":343,"column":38}},"343":{"start":{"line":344,"column":0},"end":{"line":344,"column":43}},"344":{"start":{"line":345,"column":0},"end":{"line":345,"column":80}},"345":{"start":{"line":346,"column":0},"end":{"line":346,"column":77}},"346":{"start":{"line":347,"column":0},"end":{"line":347,"column":50}},"347":{"start":{"line":348,"column":0},"end":{"line":348,"column":72}},"348":{"start":{"line":349,"column":0},"end":{"line":349,"column":49}},"349":{"start":{"line":350,"column":0},"end":{"line":350,"column":68}},"350":{"start":{"line":351,"column":0},"end":{"line":351,"column":15}},"351":{"start":{"line":352,"column":0},"end":{"line":352,"column":31}},"352":{"start":{"line":353,"column":0},"end":{"line":353,"column":81}},"353":{"start":{"line":354,"column":0},"end":{"line":354,"column":89}},"354":{"start":{"line":355,"column":0},"end":{"line":355,"column":3}},"355":{"start":{"line":356,"column":0},"end":{"line":356,"column":91}},"356":{"start":{"line":357,"column":0},"end":{"line":357,"column":67}},"357":{"start":{"line":358,"column":0},"end":{"line":358,"column":150}},"358":{"start":{"line":359,"column":0},"end":{"line":359,"column":62}},"359":{"start":{"line":360,"column":0},"end":{"line":360,"column":11}},"360":{"start":{"line":361,"column":0},"end":{"line":361,"column":3}},"361":{"start":{"line":362,"column":0},"end":{"line":362,"column":17}},"362":{"start":{"line":363,"column":0},"end":{"line":363,"column":80}},"363":{"start":{"line":364,"column":0},"end":{"line":364,"column":3}},"364":{"start":{"line":365,"column":0},"end":{"line":365,"column":7}},"365":{"start":{"line":366,"column":0},"end":{"line":366,"column":9}},"366":{"start":{"line":367,"column":0},"end":{"line":367,"column":34}},"367":{"start":{"line":368,"column":0},"end":{"line":368,"column":78}},"368":{"start":{"line":369,"column":0},"end":{"line":369,"column":43}},"369":{"start":{"line":370,"column":0},"end":{"line":370,"column":59}},"370":{"start":{"line":371,"column":0},"end":{"line":371,"column":33}},"371":{"start":{"line":372,"column":0},"end":{"line":372,"column":20}},"376":{"start":{"line":377,"column":0},"end":{"line":377,"column":46}},"379":{"start":{"line":380,"column":0},"end":{"line":380,"column":82}},"380":{"start":{"line":381,"column":0},"end":{"line":381,"column":45}},"382":{"start":{"line":383,"column":0},"end":{"line":383,"column":30}},"384":{"start":{"line":385,"column":0},"end":{"line":385,"column":20}},"385":{"start":{"line":386,"column":0},"end":{"line":386,"column":22}},"386":{"start":{"line":387,"column":0},"end":{"line":387,"column":28}},"387":{"start":{"line":388,"column":0},"end":{"line":388,"column":17}},"388":{"start":{"line":389,"column":0},"end":{"line":389,"column":12}},"389":{"start":{"line":390,"column":0},"end":{"line":390,"column":16}},"390":{"start":{"line":391,"column":0},"end":{"line":391,"column":28}},"391":{"start":{"line":392,"column":0},"end":{"line":392,"column":31}},"392":{"start":{"line":393,"column":0},"end":{"line":393,"column":11}},"393":{"start":{"line":394,"column":0},"end":{"line":394,"column":11}},"394":{"start":{"line":395,"column":0},"end":{"line":395,"column":79}},"396":{"start":{"line":397,"column":0},"end":{"line":397,"column":37}},"397":{"start":{"line":398,"column":0},"end":{"line":398,"column":14}},"400":{"start":{"line":401,"column":0},"end":{"line":401,"column":38}},"401":{"start":{"line":402,"column":0},"end":{"line":402,"column":61}},"402":{"start":{"line":403,"column":0},"end":{"line":403,"column":51}},"404":{"start":{"line":405,"column":0},"end":{"line":405,"column":24}},"405":{"start":{"line":406,"column":0},"end":{"line":406,"column":15}},"406":{"start":{"line":407,"column":0},"end":{"line":407,"column":17}},"407":{"start":{"line":408,"column":0},"end":{"line":408,"column":24}},"408":{"start":{"line":409,"column":0},"end":{"line":409,"column":21}},"409":{"start":{"line":410,"column":0},"end":{"line":410,"column":31}},"410":{"start":{"line":411,"column":0},"end":{"line":411,"column":21}},"412":{"start":{"line":413,"column":0},"end":{"line":413,"column":10}},"413":{"start":{"line":414,"column":0},"end":{"line":414,"column":45}},"414":{"start":{"line":415,"column":0},"end":{"line":415,"column":65}},"415":{"start":{"line":416,"column":0},"end":{"line":416,"column":45}},"416":{"start":{"line":417,"column":0},"end":{"line":417,"column":55}},"417":{"start":{"line":418,"column":0},"end":{"line":418,"column":56}},"418":{"start":{"line":419,"column":0},"end":{"line":419,"column":55}},"421":{"start":{"line":422,"column":0},"end":{"line":422,"column":56}},"422":{"start":{"line":423,"column":0},"end":{"line":423,"column":64}},"424":{"start":{"line":425,"column":0},"end":{"line":425,"column":88}},"425":{"start":{"line":426,"column":0},"end":{"line":426,"column":46}},"428":{"start":{"line":429,"column":0},"end":{"line":429,"column":30}},"430":{"start":{"line":431,"column":0},"end":{"line":431,"column":20}},"431":{"start":{"line":432,"column":0},"end":{"line":432,"column":22}},"432":{"start":{"line":433,"column":0},"end":{"line":433,"column":28}},"433":{"start":{"line":434,"column":0},"end":{"line":434,"column":17}},"434":{"start":{"line":435,"column":0},"end":{"line":435,"column":12}},"435":{"start":{"line":436,"column":0},"end":{"line":436,"column":16}},"436":{"start":{"line":437,"column":0},"end":{"line":437,"column":34}},"437":{"start":{"line":438,"column":0},"end":{"line":438,"column":31}},"438":{"start":{"line":439,"column":0},"end":{"line":439,"column":11}},"439":{"start":{"line":440,"column":0},"end":{"line":440,"column":11}},"441":{"start":{"line":442,"column":0},"end":{"line":442,"column":37}},"442":{"start":{"line":443,"column":0},"end":{"line":443,"column":37}},"443":{"start":{"line":444,"column":0},"end":{"line":444,"column":63}},"444":{"start":{"line":445,"column":0},"end":{"line":445,"column":9}},"445":{"start":{"line":446,"column":0},"end":{"line":446,"column":37}},"446":{"start":{"line":447,"column":0},"end":{"line":447,"column":29}},"447":{"start":{"line":448,"column":0},"end":{"line":448,"column":9}},"449":{"start":{"line":450,"column":0},"end":{"line":450,"column":7}},"450":{"start":{"line":451,"column":0},"end":{"line":451,"column":21}},"451":{"start":{"line":452,"column":0},"end":{"line":452,"column":37}},"452":{"start":{"line":453,"column":0},"end":{"line":453,"column":58}},"453":{"start":{"line":454,"column":0},"end":{"line":454,"column":63}},"454":{"start":{"line":455,"column":0},"end":{"line":455,"column":15}},"455":{"start":{"line":456,"column":0},"end":{"line":456,"column":23}},"457":{"start":{"line":458,"column":0},"end":{"line":458,"column":5}},"458":{"start":{"line":459,"column":0},"end":{"line":459,"column":3}},"459":{"start":{"line":460,"column":0},"end":{"line":460,"column":2}}},"s":{"0":1,"26":1,"27":0,"28":0,"30":0,"31":0,"32":0,"33":0,"34":0,"36":0,"37":0,"38":0,"39":0,"41":1,"42":2,"43":2,"44":0,"45":0,"46":0,"47":0,"48":2,"49":2,"50":2,"51":1,"52":1,"53":1,"54":1,"55":1,"56":2,"57":2,"58":2,"59":2,"61":1,"62":6,"63":6,"64":6,"66":6,"67":6,"68":6,"70":6,"71":6,"72":6,"74":6,"75":1,"76":6,"77":5,"78":5,"80":5,"81":1,"82":1,"83":1,"84":5,"85":1,"86":1,"87":1,"88":4,"89":1,"90":1,"91":1,"92":3,"93":2,"94":2,"95":2,"97":5,"98":5,"99":5,"100":6,"103":6,"106":6,"107":6,"108":6,"110":6,"111":6,"114":6,"115":5,"118":5,"119":5,"120":6,"121":1,"122":1,"123":1,"124":6,"125":1,"126":3,"127":3,"128":3,"129":3,"130":3,"131":3,"133":3,"134":1,"135":1,"136":1,"137":1,"139":2,"141":2,"142":2,"144":2,"145":1,"146":1,"147":1,"148":1,"153":1,"156":1,"157":1,"159":1,"161":1,"162":1,"163":1,"164":1,"165":1,"166":1,"167":1,"168":1,"169":1,"170":1,"171":1,"173":1,"174":3,"177":0,"178":0,"179":0,"181":0,"182":0,"183":0,"184":0,"185":0,"186":0,"187":0,"188":0,"189":0,"190":0,"191":0,"192":0,"193":0,"194":0,"197":0,"198":0,"200":0,"201":0,"204":0,"206":0,"207":0,"208":0,"209":0,"210":0,"211":0,"212":0,"213":0,"214":0,"215":0,"217":0,"218":0,"219":0,"220":0,"221":0,"222":0,"223":0,"225":0,"226":3,"227":1,"228":1,"229":1,"230":3,"231":2,"233":2,"234":3,"236":1,"238":3,"239":3,"241":3,"242":3,"243":3,"244":3,"245":3,"247":3,"249":3,"250":1,"251":1,"252":1,"253":1,"254":1,"256":1,"259":1,"260":1,"261":1,"263":1,"265":1,"266":1,"267":1,"268":1,"269":1,"270":1,"271":1,"272":1,"273":1,"274":1,"275":1,"276":1,"277":1,"279":1,"280":1,"281":1,"282":1,"283":3,"284":3,"285":3,"286":3,"288":1,"289":4,"291":4,"292":1,"293":1,"294":1,"295":1,"296":3,"297":3,"300":3,"302":4,"303":1,"304":1,"305":1,"306":1,"308":1,"309":4,"311":2,"312":2,"313":2,"315":2,"316":2,"317":2,"318":2,"319":2,"320":2,"321":2,"322":2,"323":1,"325":1,"326":1,"327":1,"328":1,"329":4,"330":3,"331":3,"332":4,"335":1,"336":3,"339":3,"340":3,"341":3,"342":3,"343":3,"344":3,"345":3,"346":3,"347":3,"348":3,"349":3,"350":3,"351":3,"352":9,"353":9,"354":9,"355":3,"356":1,"357":1,"358":1,"359":1,"360":1,"361":3,"362":0,"363":0,"364":2,"365":2,"366":2,"367":2,"368":1,"369":1,"370":1,"371":1,"376":1,"379":1,"380":1,"382":1,"384":1,"385":1,"386":1,"387":1,"388":1,"389":1,"390":1,"391":1,"392":1,"393":1,"394":1,"396":1,"397":2,"400":0,"401":0,"402":0,"404":0,"405":0,"406":0,"407":0,"408":0,"409":0,"410":0,"412":0,"413":0,"414":0,"415":0,"416":0,"417":0,"418":0,"421":0,"422":0,"424":0,"425":0,"428":0,"430":0,"431":0,"432":0,"433":0,"434":0,"435":0,"436":0,"437":0,"438":0,"439":0,"441":0,"442":0,"443":0,"444":0,"445":0,"446":0,"447":0,"449":0,"450":2,"451":1,"452":1,"453":1,"454":2,"455":2,"457":2,"458":2,"459":3},"branchMap":{"0":{"type":"branch","line":42,"loc":{"start":{"line":42,"column":29},"end":{"line":60,"column":2}},"locations":[{"start":{"line":42,"column":29},"end":{"line":60,"column":2}}]},"1":{"type":"branch","line":44,"loc":{"start":{"line":44,"column":16},"end":{"line":48,"column":3}},"locations":[{"start":{"line":44,"column":16},"end":{"line":48,"column":3}}]},"2":{"type":"branch","line":51,"loc":{"start":{"line":51,"column":35},"end":{"line":57,"column":4}},"locations":[{"start":{"line":51,"column":35},"end":{"line":57,"column":4}}]},"3":{"type":"branch","line":62,"loc":{"start":{"line":62,"column":39},"end":{"line":125,"column":2}},"locations":[{"start":{"line":62,"column":39},"end":{"line":125,"column":2}}]},"4":{"type":"branch","line":64,"loc":{"start":{"line":64,"column":60},"end":{"line":64,"column":67}},"locations":[{"start":{"line":64,"column":60},"end":{"line":64,"column":67}}]},"5":{"type":"branch","line":75,"loc":{"start":{"line":75,"column":24},"end":{"line":77,"column":13}},"locations":[{"start":{"line":75,"column":24},"end":{"line":77,"column":13}}]},"6":{"type":"branch","line":77,"loc":{"start":{"line":77,"column":6},"end":{"line":100,"column":7}},"locations":[{"start":{"line":77,"column":6},"end":{"line":100,"column":7}}]},"7":{"type":"branch","line":81,"loc":{"start":{"line":81,"column":32},"end":{"line":85,"column":19}},"locations":[{"start":{"line":81,"column":32},"end":{"line":85,"column":19}}]},"8":{"type":"branch","line":85,"loc":{"start":{"line":85,"column":8},"end":{"line":96,"column":9}},"locations":[{"start":{"line":85,"column":8},"end":{"line":96,"column":9}}]},"9":{"type":"branch","line":85,"loc":{"start":{"line":85,"column":39},"end":{"line":89,"column":19}},"locations":[{"start":{"line":85,"column":39},"end":{"line":89,"column":19}}]},"10":{"type":"branch","line":89,"loc":{"start":{"line":89,"column":8},"end":{"line":96,"column":9}},"locations":[{"start":{"line":89,"column":8},"end":{"line":96,"column":9}}]},"11":{"type":"branch","line":89,"loc":{"start":{"line":89,"column":42},"end":{"line":93,"column":15}},"locations":[{"start":{"line":89,"column":42},"end":{"line":93,"column":15}}]},"12":{"type":"branch","line":93,"loc":{"start":{"line":93,"column":8},"end":{"line":96,"column":9}},"locations":[{"start":{"line":93,"column":8},"end":{"line":96,"column":9}}]},"13":{"type":"branch","line":115,"loc":{"start":{"line":115,"column":58},"end":{"line":121,"column":11}},"locations":[{"start":{"line":115,"column":58},"end":{"line":121,"column":11}}]},"14":{"type":"branch","line":121,"loc":{"start":{"line":121,"column":2},"end":{"line":124,"column":3}},"locations":[{"start":{"line":121,"column":2},"end":{"line":124,"column":3}}]},"15":{"type":"branch","line":90,"loc":{"start":{"line":90,"column":68},"end":{"line":90,"column":81}},"locations":[{"start":{"line":90,"column":68},"end":{"line":90,"column":81}}]},"16":{"type":"branch","line":126,"loc":{"start":{"line":126,"column":31},"end":{"line":235,"column":4}},"locations":[{"start":{"line":126,"column":31},"end":{"line":235,"column":4}}]},"17":{"type":"branch","line":134,"loc":{"start":{"line":134,"column":10},"end":{"line":134,"column":31}},"locations":[{"start":{"line":134,"column":10},"end":{"line":134,"column":31}}]},"18":{"type":"branch","line":134,"loc":{"start":{"line":134,"column":48},"end":{"line":138,"column":5}},"locations":[{"start":{"line":134,"column":48},"end":{"line":138,"column":5}}]},"19":{"type":"branch","line":138,"loc":{"start":{"line":138,"column":4},"end":{"line":145,"column":78}},"locations":[{"start":{"line":138,"column":4},"end":{"line":145,"column":78}}]},"20":{"type":"branch","line":145,"loc":{"start":{"line":145,"column":76},"end":{"line":175,"column":13}},"locations":[{"start":{"line":145,"column":76},"end":{"line":175,"column":13}}]},"21":{"type":"branch","line":175,"loc":{"start":{"line":175,"column":6},"end":{"line":226,"column":7}},"locations":[{"start":{"line":175,"column":6},"end":{"line":226,"column":7}}]},"22":{"type":"branch","line":227,"loc":{"start":{"line":227,"column":4},"end":{"line":231,"column":6}},"locations":[{"start":{"line":227,"column":4},"end":{"line":231,"column":6}}]},"23":{"type":"branch","line":231,"loc":{"start":{"line":231,"column":4},"end":{"line":234,"column":5}},"locations":[{"start":{"line":231,"column":4},"end":{"line":234,"column":5}}]},"24":{"type":"branch","line":237,"loc":{"start":{"line":237,"column":30},"end":{"line":287,"column":2}},"locations":[{"start":{"line":237,"column":30},"end":{"line":287,"column":2}}]},"25":{"type":"branch","line":248,"loc":{"start":{"line":248,"column":61},"end":{"line":250,"column":40}},"locations":[{"start":{"line":248,"column":61},"end":{"line":250,"column":40}}]},"26":{"type":"branch","line":250,"loc":{"start":{"line":250,"column":40},"end":{"line":284,"column":4}},"locations":[{"start":{"line":250,"column":40},"end":{"line":284,"column":4}}]},"27":{"type":"branch","line":284,"loc":{"start":{"line":284,"column":2},"end":{"line":284,"column":4}},"locations":[{"start":{"line":284,"column":2},"end":{"line":284,"column":4}}]},"28":{"type":"branch","line":289,"loc":{"start":{"line":289,"column":36},"end":{"line":333,"column":2}},"locations":[{"start":{"line":289,"column":36},"end":{"line":333,"column":2}}]},"29":{"type":"branch","line":292,"loc":{"start":{"line":292,"column":14},"end":{"line":296,"column":3}},"locations":[{"start":{"line":292,"column":14},"end":{"line":296,"column":3}}]},"30":{"type":"branch","line":296,"loc":{"start":{"line":296,"column":2},"end":{"line":301,"column":75}},"locations":[{"start":{"line":296,"column":2},"end":{"line":301,"column":75}}]},"31":{"type":"branch","line":301,"loc":{"start":{"line":301,"column":73},"end":{"line":303,"column":39}},"locations":[{"start":{"line":301,"column":73},"end":{"line":303,"column":39}}]},"32":{"type":"branch","line":303,"loc":{"start":{"line":303,"column":39},"end":{"line":310,"column":51}},"locations":[{"start":{"line":303,"column":39},"end":{"line":310,"column":51}}]},"33":{"type":"branch","line":310,"loc":{"start":{"line":310,"column":51},"end":{"line":323,"column":5}},"locations":[{"start":{"line":310,"column":51},"end":{"line":323,"column":5}}]},"34":{"type":"branch","line":323,"loc":{"start":{"line":323,"column":4},"end":{"line":330,"column":4}},"locations":[{"start":{"line":323,"column":4},"end":{"line":330,"column":4}}]},"35":{"type":"branch","line":330,"loc":{"start":{"line":330,"column":2},"end":{"line":330,"column":4}},"locations":[{"start":{"line":330,"column":2},"end":{"line":330,"column":4}}]},"36":{"type":"branch","line":330,"loc":{"start":{"line":330,"column":2},"end":{"line":332,"column":3}},"locations":[{"start":{"line":330,"column":2},"end":{"line":332,"column":3}}]},"37":{"type":"branch","line":336,"loc":{"start":{"line":336,"column":29},"end":{"line":460,"column":2}},"locations":[{"start":{"line":336,"column":29},"end":{"line":460,"column":2}}]},"38":{"type":"branch","line":341,"loc":{"start":{"line":341,"column":28},"end":{"line":341,"column":44}},"locations":[{"start":{"line":341,"column":28},"end":{"line":341,"column":44}}]},"39":{"type":"branch","line":342,"loc":{"start":{"line":342,"column":46},"end":{"line":342,"column":57}},"locations":[{"start":{"line":342,"column":46},"end":{"line":342,"column":57}}]},"40":{"type":"branch","line":352,"loc":{"start":{"line":352,"column":30},"end":{"line":355,"column":3}},"locations":[{"start":{"line":352,"column":30},"end":{"line":355,"column":3}}]},"41":{"type":"branch","line":353,"loc":{"start":{"line":353,"column":35},"end":{"line":353,"column":81}},"locations":[{"start":{"line":353,"column":35},"end":{"line":353,"column":81}}]},"42":{"type":"branch","line":354,"loc":{"start":{"line":354,"column":35},"end":{"line":354,"column":89}},"locations":[{"start":{"line":354,"column":35},"end":{"line":354,"column":89}}]},"43":{"type":"branch","line":356,"loc":{"start":{"line":356,"column":8},"end":{"line":356,"column":29}},"locations":[{"start":{"line":356,"column":8},"end":{"line":356,"column":29}}]},"44":{"type":"branch","line":356,"loc":{"start":{"line":356,"column":40},"end":{"line":356,"column":55}},"locations":[{"start":{"line":356,"column":40},"end":{"line":356,"column":55}}]},"45":{"type":"branch","line":356,"loc":{"start":{"line":356,"column":48},"end":{"line":356,"column":68}},"locations":[{"start":{"line":356,"column":48},"end":{"line":356,"column":68}}]},"46":{"type":"branch","line":356,"loc":{"start":{"line":356,"column":56},"end":{"line":356,"column":90}},"locations":[{"start":{"line":356,"column":56},"end":{"line":356,"column":90}}]},"47":{"type":"branch","line":356,"loc":{"start":{"line":356,"column":90},"end":{"line":361,"column":3}},"locations":[{"start":{"line":356,"column":90},"end":{"line":361,"column":3}}]},"48":{"type":"branch","line":361,"loc":{"start":{"line":361,"column":2},"end":{"line":362,"column":16}},"locations":[{"start":{"line":361,"column":2},"end":{"line":362,"column":16}}]},"49":{"type":"branch","line":362,"loc":{"start":{"line":362,"column":16},"end":{"line":364,"column":3}},"locations":[{"start":{"line":362,"column":16},"end":{"line":364,"column":3}}]},"50":{"type":"branch","line":364,"loc":{"start":{"line":364,"column":2},"end":{"line":459,"column":3}},"locations":[{"start":{"line":364,"column":2},"end":{"line":459,"column":3}}]},"51":{"type":"branch","line":368,"loc":{"start":{"line":368,"column":76},"end":{"line":398,"column":13}},"locations":[{"start":{"line":368,"column":76},"end":{"line":398,"column":13}}]},"52":{"type":"branch","line":398,"loc":{"start":{"line":398,"column":6},"end":{"line":450,"column":7}},"locations":[{"start":{"line":398,"column":6},"end":{"line":450,"column":7}}]},"53":{"type":"branch","line":451,"loc":{"start":{"line":451,"column":4},"end":{"line":455,"column":6}},"locations":[{"start":{"line":451,"column":4},"end":{"line":455,"column":6}}]}},"b":{"0":[2],"1":[0],"2":[1],"3":[6],"4":[4],"5":[1],"6":[5],"7":[1],"8":[4],"9":[1],"10":[3],"11":[1],"12":[2],"13":[5],"14":[1],"15":[2],"16":[3],"17":[0],"18":[1],"19":[2],"20":[1],"21":[0],"22":[1],"23":[2],"24":[3],"25":[2],"26":[1],"27":[2],"28":[4],"29":[1],"30":[3],"31":[2],"32":[1],"33":[2],"34":[1],"35":[2],"36":[3],"37":[3],"38":[0],"39":[0],"40":[9],"41":[3],"42":[0],"43":[0],"44":[2],"45":[2],"46":[2],"47":[1],"48":[2],"49":[0],"50":[2],"51":[1],"52":[0],"53":[1]},"fnMap":{"0":{"name":"zipDirectory","decl":{"start":{"line":27,"column":21},"end":{"line":40,"column":2}},"loc":{"start":{"line":27,"column":21},"end":{"line":40,"column":2}},"line":27},"1":{"name":"resetRegistry","decl":{"start":{"line":42,"column":29},"end":{"line":60,"column":2}},"loc":{"start":{"line":42,"column":29},"end":{"line":60,"column":2}},"line":42},"2":{"name":"searchPackagesByQueries","decl":{"start":{"line":62,"column":39},"end":{"line":125,"column":2}},"loc":{"start":{"line":62,"column":39},"end":{"line":125,"column":2}},"line":62},"3":{"name":"uploadPackage","decl":{"start":{"line":126,"column":31},"end":{"line":235,"column":4}},"loc":{"start":{"line":126,"column":31},"end":{"line":235,"column":4}},"line":126},"4":{"name":"getPackageByID","decl":{"start":{"line":237,"column":30},"end":{"line":287,"column":2}},"loc":{"start":{"line":237,"column":30},"end":{"line":287,"column":2}},"line":237},"5":{"name":"searchPackageByRegex","decl":{"start":{"line":289,"column":36},"end":{"line":333,"column":2}},"loc":{"start":{"line":289,"column":36},"end":{"line":333,"column":2}},"line":289},"6":{"name":"updatePackage","decl":{"start":{"line":336,"column":29},"end":{"line":460,"column":2}},"loc":{"start":{"line":336,"column":29},"end":{"line":460,"column":2}},"line":336}},"f":{"0":0,"1":2,"2":6,"3":3,"4":3,"5":4,"6":3}}
,"D:\\7th Semester\\ECE 461\\phase 2\\our phase 2\\new\\Package-manager-phase-2-\\src\\db.ts": {"path":"D:\\7th Semester\\ECE 461\\phase 2\\our phase 2\\new\\Package-manager-phase-2-\\src\\db.ts","all":false,"statementMap":{"0":{"start":{"line":1,"column":0},"end":{"line":1,"column":21}},"1":{"start":{"line":2,"column":0},"end":{"line":2,"column":28}},"2":{"start":{"line":3,"column":0},"end":{"line":3,"column":21}},"4":{"start":{"line":5,"column":0},"end":{"line":5,"column":16}},"6":{"start":{"line":7,"column":0},"end":{"line":7,"column":23}},"7":{"start":{"line":8,"column":0},"end":{"line":8,"column":28}},"8":{"start":{"line":9,"column":0},"end":{"line":9,"column":32}},"9":{"start":{"line":10,"column":0},"end":{"line":10,"column":28}},"10":{"start":{"line":11,"column":0},"end":{"line":11,"column":36}},"11":{"start":{"line":12,"column":0},"end":{"line":12,"column":85}},"12":{"start":{"line":13,"column":0},"end":{"line":13,"column":8}},"13":{"start":{"line":14,"column":0},"end":{"line":14,"column":110}},"14":{"start":{"line":15,"column":0},"end":{"line":15,"column":4}},"15":{"start":{"line":16,"column":0},"end":{"line":16,"column":3}},"17":{"start":{"line":18,"column":0},"end":{"line":18,"column":20}}},"s":{"0":1,"1":1,"2":1,"4":1,"6":1,"7":1,"8":1,"9":1,"10":1,"11":1,"12":1,"13":1,"14":1,"15":1,"17":1},"branchMap":{"0":{"type":"branch","line":12,"loc":{"start":{"line":12,"column":29},"end":{"line":12,"column":48}},"locations":[{"start":{"line":12,"column":29},"end":{"line":12,"column":48}}]}},"b":{"0":[0]},"fnMap":{},"f":{}}
,"D:\\7th Semester\\ECE 461\\phase 2\\our phase 2\\new\\Package-manager-phase-2-\\src\\index.ts": {"path":"D:\\7th Semester\\ECE 461\\phase 2\\our phase 2\\new\\Package-manager-phase-2-\\src\\index.ts","all":true,"statementMap":{"0":{"start":{"line":1,"column":0},"end":{"line":1,"column":30}},"1":{"start":{"line":2,"column":0},"end":{"line":2,"column":43}},"2":{"start":{"line":3,"column":0},"end":{"line":3,"column":34}},"3":{"start":{"line":4,"column":0},"end":{"line":4,"column":23}},"4":{"start":{"line":5,"column":0},"end":{"line":5,"column":22}},"5":{"start":{"line":6,"column":0},"end":{"line":6,"column":0}},"6":{"start":{"line":7,"column":0},"end":{"line":7,"column":0}},"7":{"start":{"line":8,"column":0},"end":{"line":8,"column":15}},"8":{"start":{"line":9,"column":0},"end":{"line":9,"column":25}},"9":{"start":{"line":10,"column":0},"end":{"line":10,"column":0}},"10":{"start":{"line":11,"column":0},"end":{"line":11,"column":0}},"11":{"start":{"line":12,"column":0},"end":{"line":12,"column":23}},"12":{"start":{"line":13,"column":0},"end":{"line":13,"column":0}},"13":{"start":{"line":14,"column":0},"end":{"line":14,"column":19}},"14":{"start":{"line":15,"column":0},"end":{"line":15,"column":0}},"15":{"start":{"line":16,"column":0},"end":{"line":16,"column":24}},"16":{"start":{"line":17,"column":0},"end":{"line":17,"column":36}},"17":{"start":{"line":18,"column":0},"end":{"line":18,"column":3}}},"s":{"0":0,"1":0,"2":0,"3":0,"4":0,"5":0,"6":0,"7":0,"8":0,"9":0,"10":0,"11":0,"12":0,"13":0,"14":0,"15":0,"16":0,"17":0},"branchMap":{"0":{"type":"branch","line":1,"loc":{"start":{"line":1,"column":0},"end":{"line":18,"column":3}},"locations":[{"start":{"line":1,"column":0},"end":{"line":18,"column":3}}]}},"b":{"0":[0]},"fnMap":{"0":{"name":"(empty-report)","decl":{"start":{"line":1,"column":0},"end":{"line":18,"column":3}},"loc":{"start":{"line":1,"column":0},"end":{"line":18,"column":3}},"line":1}},"f":{"0":0}}
,"D:\\7th Semester\\ECE 461\\phase 2\\our phase 2\\new\\Package-manager-phase-2-\\src\\queries.ts": {"path":"D:\\7th Semester\\ECE 461\\phase 2\\our phase 2\\new\\Package-manager-phase-2-\\src\\queries.ts","all":false,"statementMap":{"6":{"start":{"line":7,"column":0},"end":{"line":7,"column":78}},"7":{"start":{"line":8,"column":0},"end":{"line":8,"column":17}},"25":{"start":{"line":26,"column":0},"end":{"line":26,"column":42}},"26":{"start":{"line":27,"column":0},"end":{"line":27,"column":2}},"111":{"start":{"line":112,"column":0},"end":{"line":112,"column":35}},"112":{"start":{"line":113,"column":0},"end":{"line":113,"column":21}},"113":{"start":{"line":114,"column":0},"end":{"line":114,"column":15}},"114":{"start":{"line":115,"column":0},"end":{"line":115,"column":17}},"115":{"start":{"line":116,"column":0},"end":{"line":116,"column":6}},"116":{"start":{"line":117,"column":0},"end":{"line":117,"column":17}},"121":{"start":{"line":122,"column":0},"end":{"line":122,"column":46}},"122":{"start":{"line":123,"column":0},"end":{"line":123,"column":2}},"124":{"start":{"line":125,"column":0},"end":{"line":125,"column":79}},"125":{"start":{"line":126,"column":0},"end":{"line":126,"column":17}},"134":{"start":{"line":135,"column":0},"end":{"line":135,"column":42}},"135":{"start":{"line":136,"column":0},"end":{"line":136,"column":2}},"137":{"start":{"line":138,"column":0},"end":{"line":138,"column":77}},"138":{"start":{"line":139,"column":0},"end":{"line":139,"column":17}},"147":{"start":{"line":148,"column":0},"end":{"line":148,"column":42}},"148":{"start":{"line":149,"column":0},"end":{"line":149,"column":2}},"150":{"start":{"line":151,"column":0},"end":{"line":151,"column":38}},"151":{"start":{"line":152,"column":0},"end":{"line":152,"column":21}},"152":{"start":{"line":153,"column":0},"end":{"line":153,"column":21}},"153":{"start":{"line":154,"column":0},"end":{"line":154,"column":17}},"154":{"start":{"line":155,"column":0},"end":{"line":155,"column":13}},"155":{"start":{"line":156,"column":0},"end":{"line":156,"column":18}},"156":{"start":{"line":157,"column":0},"end":{"line":157,"column":19}},"157":{"start":{"line":158,"column":0},"end":{"line":158,"column":6}},"158":{"start":{"line":159,"column":0},"end":{"line":159,"column":17}},"163":{"start":{"line":164,"column":0},"end":{"line":164,"column":30}},"164":{"start":{"line":165,"column":0},"end":{"line":165,"column":15}},"165":{"start":{"line":166,"column":0},"end":{"line":166,"column":12}},"166":{"start":{"line":167,"column":0},"end":{"line":167,"column":8}},"167":{"start":{"line":168,"column":0},"end":{"line":168,"column":12}},"168":{"start":{"line":169,"column":0},"end":{"line":169,"column":15}},"169":{"start":{"line":170,"column":0},"end":{"line":170,"column":5}},"170":{"start":{"line":171,"column":0},"end":{"line":171,"column":2}},"236":{"start":{"line":237,"column":0},"end":{"line":237,"column":60}},"237":{"start":{"line":238,"column":0},"end":{"line":238,"column":19}},"240":{"start":{"line":241,"column":0},"end":{"line":241,"column":31}},"241":{"start":{"line":242,"column":0},"end":{"line":242,"column":4}},"267":{"start":{"line":268,"column":0},"end":{"line":268,"column":80}},"268":{"start":{"line":269,"column":0},"end":{"line":269,"column":17}},"274":{"start":{"line":275,"column":0},"end":{"line":275,"column":38}},"275":{"start":{"line":276,"column":0},"end":{"line":276,"column":2}},"277":{"start":{"line":278,"column":0},"end":{"line":278,"column":36}},"278":{"start":{"line":279,"column":0},"end":{"line":279,"column":20}},"279":{"start":{"line":280,"column":0},"end":{"line":280,"column":20}},"280":{"start":{"line":281,"column":0},"end":{"line":281,"column":27}},"281":{"start":{"line":282,"column":0},"end":{"line":282,"column":30}},"282":{"start":{"line":283,"column":0},"end":{"line":283,"column":23}},"283":{"start":{"line":284,"column":0},"end":{"line":284,"column":26}},"284":{"start":{"line":285,"column":0},"end":{"line":285,"column":30}},"285":{"start":{"line":286,"column":0},"end":{"line":286,"column":23}},"286":{"start":{"line":287,"column":0},"end":{"line":287,"column":28}},"287":{"start":{"line":288,"column":0},"end":{"line":288,"column":35}},"288":{"start":{"line":289,"column":0},"end":{"line":289,"column":38}},"289":{"start":{"line":290,"column":0},"end":{"line":290,"column":31}},"290":{"start":{"line":291,"column":0},"end":{"line":291,"column":34}},"291":{"start":{"line":292,"column":0},"end":{"line":292,"column":38}},"292":{"start":{"line":293,"column":0},"end":{"line":293,"column":31}},"293":{"start":{"line":294,"column":0},"end":{"line":294,"column":36}},"294":{"start":{"line":295,"column":0},"end":{"line":295,"column":25}},"295":{"start":{"line":296,"column":0},"end":{"line":296,"column":32}},"296":{"start":{"line":297,"column":0},"end":{"line":297,"column":6}},"297":{"start":{"line":298,"column":0},"end":{"line":298,"column":17}},"313":{"start":{"line":314,"column":0},"end":{"line":314,"column":18}},"314":{"start":{"line":315,"column":0},"end":{"line":315,"column":81}},"315":{"start":{"line":316,"column":0},"end":{"line":316,"column":58}},"316":{"start":{"line":317,"column":0},"end":{"line":317,"column":66}},"317":{"start":{"line":318,"column":0},"end":{"line":318,"column":67}},"318":{"start":{"line":319,"column":0},"end":{"line":319,"column":21}},"319":{"start":{"line":320,"column":0},"end":{"line":320,"column":4}},"321":{"start":{"line":322,"column":0},"end":{"line":322,"column":37}},"322":{"start":{"line":323,"column":0},"end":{"line":323,"column":2}}},"s":{"6":1,"7":0,"25":0,"26":0,"111":1,"112":0,"113":0,"114":0,"115":0,"116":0,"121":0,"122":0,"124":1,"125":0,"134":0,"135":0,"137":1,"138":0,"147":0,"148":0,"150":1,"151":0,"152":0,"153":0,"154":0,"155":0,"156":0,"157":0,"158":0,"163":0,"164":0,"165":0,"166":0,"167":0,"168":0,"169":0,"170":0,"236":1,"237":0,"240":0,"241":0,"267":1,"268":0,"274":0,"275":0,"277":1,"278":1,"279":1,"280":1,"281":1,"282":1,"283":1,"284":1,"285":1,"286":1,"287":1,"288":1,"289":1,"290":1,"291":1,"292":1,"293":1,"294":1,"295":1,"296":1,"297":1,"313":1,"314":1,"315":1,"316":1,"317":1,"318":1,"319":1,"321":1,"322":1},"branchMap":{"0":{"type":"branch","line":278,"loc":{"start":{"line":278,"column":35},"end":{"line":323,"column":2}},"locations":[{"start":{"line":278,"column":35},"end":{"line":323,"column":2}}]}},"b":{"0":[1]},"fnMap":{"0":{"name":"getPackageByIDQuery","decl":{"start":{"line":7,"column":35},"end":{"line":27,"column":2}},"loc":{"start":{"line":7,"column":35},"end":{"line":27,"column":2}},"line":7},"1":{"name":"insertPackageQuery","decl":{"start":{"line":112,"column":34},"end":{"line":123,"column":2}},"loc":{"start":{"line":112,"column":34},"end":{"line":123,"column":2}},"line":112},"2":{"name":"getlatestVersionByID","decl":{"start":{"line":125,"column":36},"end":{"line":136,"column":2}},"loc":{"start":{"line":125,"column":36},"end":{"line":136,"column":2}},"line":125},"3":{"name":"getNameVersionById","decl":{"start":{"line":138,"column":34},"end":{"line":149,"column":2}},"loc":{"start":{"line":138,"column":34},"end":{"line":149,"column":2}},"line":138},"4":{"name":"insertIntoPackageData","decl":{"start":{"line":151,"column":37},"end":{"line":171,"column":2}},"loc":{"start":{"line":151,"column":37},"end":{"line":171,"column":2}},"line":151},"5":{"name":"resetRegistryQuery","decl":{"start":{"line":237,"column":36},"end":{"line":242,"column":4}},"loc":{"start":{"line":237,"column":36},"end":{"line":242,"column":4}},"line":237},"6":{"name":"searchPackagesByRegExQuery","decl":{"start":{"line":268,"column":42},"end":{"line":276,"column":2}},"loc":{"start":{"line":268,"column":42},"end":{"line":276,"column":2}},"line":268},"7":{"name":"insertPackageRating","decl":{"start":{"line":278,"column":35},"end":{"line":323,"column":2}},"loc":{"start":{"line":278,"column":35},"end":{"line":323,"column":2}},"line":278}},"f":{"0":0,"1":0,"2":0,"3":0,"4":0,"5":0,"6":0,"7":1}}
,"D:\\7th Semester\\ECE 461\\phase 2\\our phase 2\\new\\Package-manager-phase-2-\\src\\routes.ts": {"path":"D:\\7th Semester\\ECE 461\\phase 2\\our phase 2\\new\\Package-manager-phase-2-\\src\\routes.ts","all":true,"statementMap":{"0":{"start":{"line":1,"column":0},"end":{"line":1,"column":33}},"1":{"start":{"line":2,"column":0},"end":{"line":2,"column":44}},"2":{"start":{"line":3,"column":0},"end":{"line":3,"column":169}},"3":{"start":{"line":4,"column":0},"end":{"line":4,"column":0}},"4":{"start":{"line":5,"column":0},"end":{"line":5,"column":24}},"5":{"start":{"line":6,"column":0},"end":{"line":6,"column":0}},"6":{"start":{"line":7,"column":0},"end":{"line":7,"column":38}},"7":{"start":{"line":8,"column":0},"end":{"line":8,"column":49}},"8":{"start":{"line":9,"column":0},"end":{"line":9,"column":85}},"9":{"start":{"line":10,"column":0},"end":{"line":10,"column":3}},"10":{"start":{"line":11,"column":0},"end":{"line":11,"column":0}},"11":{"start":{"line":12,"column":0},"end":{"line":12,"column":0}},"12":{"start":{"line":13,"column":0},"end":{"line":13,"column":50}},"13":{"start":{"line":14,"column":0},"end":{"line":14,"column":0}},"14":{"start":{"line":15,"column":0},"end":{"line":15,"column":37}},"15":{"start":{"line":16,"column":0},"end":{"line":16,"column":39}},"16":{"start":{"line":17,"column":0},"end":{"line":17,"column":0}},"17":{"start":{"line":18,"column":0},"end":{"line":18,"column":38}},"18":{"start":{"line":19,"column":0},"end":{"line":19,"column":43}},"19":{"start":{"line":20,"column":0},"end":{"line":20,"column":0}},"20":{"start":{"line":21,"column":0},"end":{"line":21,"column":45}},"21":{"start":{"line":22,"column":0},"end":{"line":22,"column":0}},"22":{"start":{"line":23,"column":0},"end":{"line":23,"column":0}},"23":{"start":{"line":24,"column":0},"end":{"line":24,"column":54}},"24":{"start":{"line":25,"column":0},"end":{"line":25,"column":43}},"25":{"start":{"line":26,"column":0},"end":{"line":26,"column":0}},"26":{"start":{"line":27,"column":0},"end":{"line":27,"column":0}},"27":{"start":{"line":28,"column":0},"end":{"line":28,"column":48}},"28":{"start":{"line":29,"column":0},"end":{"line":29,"column":52}},"29":{"start":{"line":30,"column":0},"end":{"line":30,"column":0}},"30":{"start":{"line":31,"column":0},"end":{"line":31,"column":37}},"31":{"start":{"line":32,"column":0},"end":{"line":32,"column":39}},"32":{"start":{"line":33,"column":0},"end":{"line":33,"column":0}},"33":{"start":{"line":34,"column":0},"end":{"line":34,"column":51}},"34":{"start":{"line":35,"column":0},"end":{"line":35,"column":53}},"35":{"start":{"line":36,"column":0},"end":{"line":36,"column":0}},"36":{"start":{"line":37,"column":0},"end":{"line":37,"column":64}},"37":{"start":{"line":38,"column":0},"end":{"line":38,"column":1}},"38":{"start":{"line":39,"column":0},"end":{"line":39,"column":0}},"39":{"start":{"line":40,"column":0},"end":{"line":40,"column":59}}},"s":{"0":0,"1":0,"2":0,"3":0,"4":0,"5":0,"6":0,"7":0,"8":0,"9":0,"10":0,"11":0,"12":0,"13":0,"14":0,"15":0,"16":0,"17":0,"18":0,"19":0,"20":0,"21":0,"22":0,"23":0,"24":0,"25":0,"26":0,"27":0,"28":0,"29":0,"30":0,"31":0,"32":0,"33":0,"34":0,"35":0,"36":0,"37":0,"38":0,"39":0},"branchMap":{"0":{"type":"branch","line":1,"loc":{"start":{"line":1,"column":0},"end":{"line":40,"column":59}},"locations":[{"start":{"line":1,"column":0},"end":{"line":40,"column":59}}]}},"b":{"0":[0]},"fnMap":{"0":{"name":"(empty-report)","decl":{"start":{"line":1,"column":0},"end":{"line":40,"column":59}},"loc":{"start":{"line":1,"column":0},"end":{"line":40,"column":59}},"line":1}},"f":{"0":0}}
,"D:\\7th Semester\\ECE 461\\phase 2\\our phase 2\\new\\Package-manager-phase-2-\\src\\s3.ts": {"path":"D:\\7th Semester\\ECE 461\\phase 2\\our phase 2\\new\\Package-manager-phase-2-\\src\\s3.ts","all":false,"statementMap":{"0":{"start":{"line":1,"column":0},"end":{"line":1,"column":82}},"5":{"start":{"line":6,"column":0},"end":{"line":6,"column":31}},"6":{"start":{"line":7,"column":0},"end":{"line":7,"column":40}},"7":{"start":{"line":8,"column":0},"end":{"line":8,"column":16}},"8":{"start":{"line":9,"column":0},"end":{"line":9,"column":45}},"9":{"start":{"line":10,"column":0},"end":{"line":10,"column":49}},"10":{"start":{"line":11,"column":0},"end":{"line":11,"column":4}},"11":{"start":{"line":12,"column":0},"end":{"line":12,"column":3}},"14":{"start":{"line":15,"column":0},"end":{"line":15,"column":71}},"15":{"start":{"line":16,"column":0},"end":{"line":16,"column":18}},"16":{"start":{"line":17,"column":0},"end":{"line":17,"column":41}},"17":{"start":{"line":18,"column":0},"end":{"line":18,"column":13}},"18":{"start":{"line":19,"column":0},"end":{"line":19,"column":4}},"20":{"start":{"line":21,"column":0},"end":{"line":21,"column":7}},"21":{"start":{"line":22,"column":0},"end":{"line":22,"column":67}},"22":{"start":{"line":23,"column":0},"end":{"line":23,"column":55}},"23":{"start":{"line":24,"column":0},"end":{"line":24,"column":19}},"24":{"start":{"line":25,"column":0},"end":{"line":25,"column":55}},"25":{"start":{"line":26,"column":0},"end":{"line":26,"column":16}},"26":{"start":{"line":27,"column":0},"end":{"line":27,"column":3}},"27":{"start":{"line":28,"column":0},"end":{"line":28,"column":2}},"29":{"start":{"line":30,"column":0},"end":{"line":30,"column":63}},"30":{"start":{"line":31,"column":0},"end":{"line":31,"column":43}},"31":{"start":{"line":32,"column":0},"end":{"line":32,"column":32}},"32":{"start":{"line":33,"column":0},"end":{"line":33,"column":53}},"33":{"start":{"line":34,"column":0},"end":{"line":34,"column":59}},"34":{"start":{"line":35,"column":0},"end":{"line":35,"column":45}},"35":{"start":{"line":36,"column":0},"end":{"line":36,"column":5}},"36":{"start":{"line":37,"column":0},"end":{"line":37,"column":2}},"38":{"start":{"line":39,"column":0},"end":{"line":39,"column":36}},"39":{"start":{"line":40,"column":0},"end":{"line":40,"column":14}},"40":{"start":{"line":41,"column":0},"end":{"line":41,"column":28}},"41":{"start":{"line":42,"column":0},"end":{"line":42,"column":21}},"42":{"start":{"line":43,"column":0},"end":{"line":43,"column":6}},"43":{"start":{"line":44,"column":0},"end":{"line":44,"column":20}},"44":{"start":{"line":45,"column":0},"end":{"line":45,"column":40}},"45":{"start":{"line":46,"column":0},"end":{"line":46,"column":13}},"46":{"start":{"line":47,"column":0},"end":{"line":47,"column":21}},"47":{"start":{"line":48,"column":0},"end":{"line":48,"column":29}},"48":{"start":{"line":49,"column":0},"end":{"line":49,"column":4}},"50":{"start":{"line":51,"column":0},"end":{"line":51,"column":7}},"51":{"start":{"line":52,"column":0},"end":{"line":52,"column":71}},"52":{"start":{"line":53,"column":0},"end":{"line":53,"column":55}},"53":{"start":{"line":54,"column":0},"end":{"line":54,"column":18}},"54":{"start":{"line":55,"column":0},"end":{"line":55,"column":19}},"55":{"start":{"line":56,"column":0},"end":{"line":56,"column":51}},"56":{"start":{"line":57,"column":0},"end":{"line":57,"column":16}},"57":{"start":{"line":58,"column":0},"end":{"line":58,"column":3}},"58":{"start":{"line":59,"column":0},"end":{"line":59,"column":2}},"60":{"start":{"line":61,"column":0},"end":{"line":61,"column":74}},"61":{"start":{"line":62,"column":0},"end":{"line":62,"column":7}},"63":{"start":{"line":64,"column":0},"end":{"line":64,"column":60}},"66":{"start":{"line":67,"column":0},"end":{"line":67,"column":26}},"67":{"start":{"line":68,"column":0},"end":{"line":68,"column":42}},"68":{"start":{"line":69,"column":0},"end":{"line":69,"column":15}},"69":{"start":{"line":70,"column":0},"end":{"line":70,"column":23}},"70":{"start":{"line":71,"column":0},"end":{"line":71,"column":37}},"71":{"start":{"line":72,"column":0},"end":{"line":72,"column":6}},"74":{"start":{"line":75,"column":0},"end":{"line":75,"column":73}},"75":{"start":{"line":76,"column":0},"end":{"line":76,"column":53}},"76":{"start":{"line":77,"column":0},"end":{"line":77,"column":19}},"77":{"start":{"line":78,"column":0},"end":{"line":78,"column":50}},"78":{"start":{"line":79,"column":0},"end":{"line":79,"column":3}},"79":{"start":{"line":80,"column":0},"end":{"line":80,"column":1}}},"s":{"0":1,"5":1,"6":1,"7":1,"8":1,"9":1,"10":1,"11":1,"14":1,"15":0,"16":0,"17":0,"18":0,"20":0,"21":0,"22":0,"23":0,"24":0,"25":0,"26":0,"27":0,"29":1,"30":0,"31":0,"32":0,"33":0,"34":0,"35":0,"36":0,"38":1,"39":0,"40":0,"41":0,"42":0,"43":0,"44":0,"45":0,"46":0,"47":0,"48":0,"50":0,"51":0,"52":0,"53":0,"54":0,"55":0,"56":0,"57":0,"58":0,"60":0,"61":0,"63":0,"66":0,"67":0,"68":0,"69":0,"70":0,"71":0,"74":0,"75":0,"76":0,"77":0,"78":0,"79":0},"branchMap":{},"b":{},"fnMap":{"0":{"name":"downloadFromS3","decl":{"start":{"line":15,"column":30},"end":{"line":28,"column":2}},"loc":{"start":{"line":15,"column":30},"end":{"line":28,"column":2}},"line":15},"1":{"name":"streamToBuffer","decl":{"start":{"line":30,"column":23},"end":{"line":37,"column":2}},"loc":{"start":{"line":30,"column":23},"end":{"line":37,"column":2}},"line":30},"2":{"name":"uploadZipToS3","decl":{"start":{"line":39,"column":29},"end":{"line":59,"column":2}},"loc":{"start":{"line":39,"column":29},"end":{"line":59,"column":2}},"line":39},"3":{"name":"uploadBase64ToS3","decl":{"start":{"line":61,"column":0},"end":{"line":80,"column":1}},"loc":{"start":{"line":61,"column":0},"end":{"line":80,"column":1}},"line":61}},"f":{"0":0,"1":0,"2":0,"3":0}}
}
