{"D:\\7th Semester\\ECE 461\\phase 2\\our phase 2\\new\\Package-manager-phase-2-\\src\\controllers\\packages_controller.ts": {"path":"D:\\7th Semester\\ECE 461\\phase 2\\our phase 2\\new\\Package-manager-phase-2-\\src\\controllers\\packages_controller.ts","all":false,"statementMap":{"0":{"start":{"line":1,"column":0},"end":{"line":1,"column":45}},"22":{"start":{"line":23,"column":0},"end":{"line":23,"column":94}},"24":{"start":{"line":25,"column":0},"end":{"line":25,"column":70}},"25":{"start":{"line":26,"column":0},"end":{"line":26,"column":67}},"27":{"start":{"line":28,"column":0},"end":{"line":28,"column":60}},"30":{"start":{"line":31,"column":0},"end":{"line":31,"column":6}},"31":{"start":{"line":32,"column":0},"end":{"line":32,"column":30}},"32":{"start":{"line":33,"column":0},"end":{"line":33,"column":17}},"33":{"start":{"line":34,"column":0},"end":{"line":34,"column":16}},"34":{"start":{"line":35,"column":0},"end":{"line":35,"column":22}},"35":{"start":{"line":36,"column":0},"end":{"line":36,"column":41}},"36":{"start":{"line":37,"column":0},"end":{"line":37,"column":74}},"37":{"start":{"line":38,"column":0},"end":{"line":38,"column":5}},"38":{"start":{"line":39,"column":0},"end":{"line":39,"column":5}},"40":{"start":{"line":41,"column":0},"end":{"line":41,"column":26}},"41":{"start":{"line":42,"column":0},"end":{"line":42,"column":12}},"42":{"start":{"line":43,"column":0},"end":{"line":43,"column":99}},"43":{"start":{"line":44,"column":0},"end":{"line":44,"column":7}},"44":{"start":{"line":45,"column":0},"end":{"line":45,"column":53}},"45":{"start":{"line":46,"column":0},"end":{"line":46,"column":11}},"46":{"start":{"line":47,"column":0},"end":{"line":47,"column":3}},"50":{"start":{"line":51,"column":0},"end":{"line":51,"column":62}},"51":{"start":{"line":52,"column":0},"end":{"line":52,"column":55}},"54":{"start":{"line":55,"column":0},"end":{"line":55,"column":15}},"55":{"start":{"line":56,"column":0},"end":{"line":56,"column":108}},"56":{"start":{"line":57,"column":0},"end":{"line":57,"column":56}},"57":{"start":{"line":58,"column":0},"end":{"line":58,"column":11}},"58":{"start":{"line":59,"column":0},"end":{"line":59,"column":3}},"62":{"start":{"line":63,"column":0},"end":{"line":63,"column":7}},"65":{"start":{"line":66,"column":0},"end":{"line":66,"column":60}},"66":{"start":{"line":67,"column":0},"end":{"line":67,"column":61}},"68":{"start":{"line":69,"column":0},"end":{"line":69,"column":24}},"69":{"start":{"line":70,"column":0},"end":{"line":70,"column":28}},"70":{"start":{"line":71,"column":0},"end":{"line":71,"column":86}},"71":{"start":{"line":72,"column":0},"end":{"line":72,"column":9}},"72":{"start":{"line":73,"column":0},"end":{"line":73,"column":13}},"73":{"start":{"line":74,"column":0},"end":{"line":74,"column":5}},"76":{"start":{"line":77,"column":0},"end":{"line":77,"column":44}},"77":{"start":{"line":78,"column":0},"end":{"line":78,"column":48}},"78":{"start":{"line":79,"column":0},"end":{"line":79,"column":36}},"79":{"start":{"line":80,"column":0},"end":{"line":80,"column":102}},"80":{"start":{"line":81,"column":0},"end":{"line":81,"column":31}},"82":{"start":{"line":83,"column":0},"end":{"line":83,"column":47}},"83":{"start":{"line":84,"column":0},"end":{"line":84,"column":57}},"87":{"start":{"line":88,"column":0},"end":{"line":88,"column":60}},"88":{"start":{"line":89,"column":0},"end":{"line":89,"column":110}},"89":{"start":{"line":90,"column":0},"end":{"line":90,"column":59}},"90":{"start":{"line":91,"column":0},"end":{"line":91,"column":13}},"91":{"start":{"line":92,"column":0},"end":{"line":92,"column":5}},"93":{"start":{"line":94,"column":0},"end":{"line":94,"column":62}},"94":{"start":{"line":95,"column":0},"end":{"line":95,"column":68}},"95":{"start":{"line":96,"column":0},"end":{"line":96,"column":62}},"96":{"start":{"line":97,"column":0},"end":{"line":97,"column":13}},"97":{"start":{"line":98,"column":0},"end":{"line":98,"column":5}},"99":{"start":{"line":100,"column":0},"end":{"line":100,"column":46}},"100":{"start":{"line":101,"column":0},"end":{"line":101,"column":43}},"102":{"start":{"line":103,"column":0},"end":{"line":103,"column":25}},"103":{"start":{"line":104,"column":0},"end":{"line":104,"column":56}},"104":{"start":{"line":105,"column":0},"end":{"line":105,"column":14}},"105":{"start":{"line":106,"column":0},"end":{"line":106,"column":61}},"106":{"start":{"line":107,"column":0},"end":{"line":107,"column":31}},"108":{"start":{"line":109,"column":0},"end":{"line":109,"column":22}},"110":{"start":{"line":111,"column":0},"end":{"line":111,"column":40}},"112":{"start":{"line":113,"column":0},"end":{"line":113,"column":79}},"113":{"start":{"line":114,"column":0},"end":{"line":114,"column":111}},"114":{"start":{"line":115,"column":0},"end":{"line":115,"column":79}},"115":{"start":{"line":116,"column":0},"end":{"line":116,"column":47}},"117":{"start":{"line":118,"column":0},"end":{"line":118,"column":72}},"118":{"start":{"line":119,"column":0},"end":{"line":119,"column":111}},"119":{"start":{"line":120,"column":0},"end":{"line":120,"column":65}},"120":{"start":{"line":121,"column":0},"end":{"line":121,"column":45}},"122":{"start":{"line":123,"column":0},"end":{"line":123,"column":85}},"123":{"start":{"line":124,"column":0},"end":{"line":124,"column":112}},"124":{"start":{"line":125,"column":0},"end":{"line":125,"column":55}},"125":{"start":{"line":126,"column":0},"end":{"line":126,"column":18}},"127":{"start":{"line":128,"column":0},"end":{"line":128,"column":69}},"128":{"start":{"line":129,"column":0},"end":{"line":129,"column":38}},"129":{"start":{"line":130,"column":0},"end":{"line":130,"column":11}},"130":{"start":{"line":131,"column":0},"end":{"line":131,"column":9}},"132":{"start":{"line":133,"column":0},"end":{"line":133,"column":25}},"133":{"start":{"line":134,"column":0},"end":{"line":134,"column":35}},"134":{"start":{"line":135,"column":0},"end":{"line":135,"column":7}},"135":{"start":{"line":136,"column":0},"end":{"line":136,"column":5}},"138":{"start":{"line":139,"column":0},"end":{"line":139,"column":32}},"139":{"start":{"line":140,"column":0},"end":{"line":140,"column":55}},"140":{"start":{"line":141,"column":0},"end":{"line":141,"column":5}},"142":{"start":{"line":143,"column":0},"end":{"line":143,"column":19}},"143":{"start":{"line":144,"column":0},"end":{"line":144,"column":62}},"144":{"start":{"line":145,"column":0},"end":{"line":145,"column":29}},"145":{"start":{"line":146,"column":0},"end":{"line":146,"column":46}},"146":{"start":{"line":147,"column":0},"end":{"line":147,"column":55}},"147":{"start":{"line":148,"column":0},"end":{"line":148,"column":7}},"149":{"start":{"line":150,"column":0},"end":{"line":150,"column":86}},"150":{"start":{"line":151,"column":0},"end":{"line":151,"column":36}},"151":{"start":{"line":152,"column":0},"end":{"line":152,"column":5}},"154":{"start":{"line":155,"column":0},"end":{"line":155,"column":21}},"155":{"start":{"line":156,"column":0},"end":{"line":156,"column":87}},"156":{"start":{"line":157,"column":0},"end":{"line":157,"column":36}},"158":{"start":{"line":159,"column":0},"end":{"line":159,"column":38}},"159":{"start":{"line":160,"column":0},"end":{"line":160,"column":44}},"162":{"start":{"line":163,"column":0},"end":{"line":163,"column":60}},"163":{"start":{"line":164,"column":0},"end":{"line":164,"column":64}},"164":{"start":{"line":165,"column":0},"end":{"line":165,"column":46}},"165":{"start":{"line":166,"column":0},"end":{"line":166,"column":27}},"166":{"start":{"line":167,"column":0},"end":{"line":167,"column":21}},"167":{"start":{"line":168,"column":0},"end":{"line":168,"column":53}},"168":{"start":{"line":169,"column":0},"end":{"line":169,"column":8}},"171":{"start":{"line":172,"column":0},"end":{"line":172,"column":99}},"172":{"start":{"line":173,"column":0},"end":{"line":173,"column":37}},"173":{"start":{"line":174,"column":0},"end":{"line":174,"column":19}},"174":{"start":{"line":175,"column":0},"end":{"line":175,"column":65}},"175":{"start":{"line":176,"column":0},"end":{"line":176,"column":61}},"176":{"start":{"line":177,"column":0},"end":{"line":177,"column":3}},"177":{"start":{"line":178,"column":0},"end":{"line":178,"column":2}},"181":{"start":{"line":182,"column":0},"end":{"line":182,"column":69}},"183":{"start":{"line":184,"column":0},"end":{"line":184,"column":45}},"186":{"start":{"line":187,"column":0},"end":{"line":187,"column":20}},"187":{"start":{"line":188,"column":0},"end":{"line":188,"column":109}},"188":{"start":{"line":189,"column":0},"end":{"line":189,"column":40}},"189":{"start":{"line":190,"column":0},"end":{"line":190,"column":13}},"191":{"start":{"line":192,"column":0},"end":{"line":192,"column":5}},"192":{"start":{"line":193,"column":0},"end":{"line":193,"column":21}},"193":{"start":{"line":194,"column":0},"end":{"line":194,"column":90}},"194":{"start":{"line":195,"column":0},"end":{"line":195,"column":63}},"195":{"start":{"line":196,"column":0},"end":{"line":196,"column":13}},"196":{"start":{"line":197,"column":0},"end":{"line":197,"column":5}},"199":{"start":{"line":200,"column":0},"end":{"line":200,"column":9}},"200":{"start":{"line":201,"column":0},"end":{"line":201,"column":33}},"201":{"start":{"line":202,"column":0},"end":{"line":202,"column":56}},"202":{"start":{"line":203,"column":0},"end":{"line":203,"column":43}},"203":{"start":{"line":204,"column":0},"end":{"line":204,"column":13}},"204":{"start":{"line":205,"column":0},"end":{"line":205,"column":5}},"205":{"start":{"line":206,"column":0},"end":{"line":206,"column":19}},"206":{"start":{"line":207,"column":0},"end":{"line":207,"column":54}},"207":{"start":{"line":208,"column":0},"end":{"line":208,"column":63}},"208":{"start":{"line":209,"column":0},"end":{"line":209,"column":5}},"209":{"start":{"line":210,"column":0},"end":{"line":210,"column":2}},"213":{"start":{"line":214,"column":0},"end":{"line":214,"column":71}},"215":{"start":{"line":216,"column":0},"end":{"line":216,"column":61}},"216":{"start":{"line":217,"column":0},"end":{"line":217,"column":17}},"217":{"start":{"line":218,"column":0},"end":{"line":218,"column":15}},"218":{"start":{"line":219,"column":0},"end":{"line":219,"column":19}},"219":{"start":{"line":220,"column":0},"end":{"line":220,"column":22}},"221":{"start":{"line":222,"column":0},"end":{"line":222,"column":49}},"222":{"start":{"line":223,"column":0},"end":{"line":223,"column":152}},"223":{"start":{"line":224,"column":0},"end":{"line":224,"column":75}},"224":{"start":{"line":225,"column":0},"end":{"line":225,"column":13}},"225":{"start":{"line":226,"column":0},"end":{"line":226,"column":5}},"226":{"start":{"line":227,"column":0},"end":{"line":227,"column":64}},"227":{"start":{"line":228,"column":0},"end":{"line":228,"column":57}},"229":{"start":{"line":230,"column":0},"end":{"line":230,"column":17}},"230":{"start":{"line":231,"column":0},"end":{"line":231,"column":110}},"231":{"start":{"line":232,"column":0},"end":{"line":232,"column":66}},"232":{"start":{"line":233,"column":0},"end":{"line":233,"column":12}},"233":{"start":{"line":234,"column":0},"end":{"line":234,"column":5}},"234":{"start":{"line":235,"column":0},"end":{"line":235,"column":40}},"236":{"start":{"line":237,"column":0},"end":{"line":237,"column":9}},"237":{"start":{"line":238,"column":0},"end":{"line":238,"column":34}},"238":{"start":{"line":239,"column":0},"end":{"line":239,"column":104}},"239":{"start":{"line":240,"column":0},"end":{"line":240,"column":33}},"240":{"start":{"line":241,"column":0},"end":{"line":241,"column":56}},"242":{"start":{"line":243,"column":0},"end":{"line":243,"column":45}},"243":{"start":{"line":244,"column":0},"end":{"line":244,"column":81}},"244":{"start":{"line":245,"column":0},"end":{"line":245,"column":61}},"245":{"start":{"line":246,"column":0},"end":{"line":246,"column":14}},"246":{"start":{"line":247,"column":0},"end":{"line":247,"column":7}},"248":{"start":{"line":249,"column":0},"end":{"line":249,"column":49}},"250":{"start":{"line":251,"column":0},"end":{"line":251,"column":50}},"252":{"start":{"line":253,"column":0},"end":{"line":253,"column":24}},"253":{"start":{"line":254,"column":0},"end":{"line":254,"column":28}},"254":{"start":{"line":255,"column":0},"end":{"line":255,"column":86}},"255":{"start":{"line":256,"column":0},"end":{"line":256,"column":9}},"256":{"start":{"line":257,"column":0},"end":{"line":257,"column":12}},"257":{"start":{"line":258,"column":0},"end":{"line":258,"column":5}},"260":{"start":{"line":261,"column":0},"end":{"line":261,"column":20}},"262":{"start":{"line":263,"column":0},"end":{"line":263,"column":18}},"263":{"start":{"line":264,"column":0},"end":{"line":264,"column":82}},"264":{"start":{"line":265,"column":0},"end":{"line":265,"column":42}},"265":{"start":{"line":266,"column":0},"end":{"line":266,"column":38}},"266":{"start":{"line":267,"column":0},"end":{"line":267,"column":59}},"267":{"start":{"line":268,"column":0},"end":{"line":268,"column":9}},"268":{"start":{"line":269,"column":0},"end":{"line":269,"column":13}},"269":{"start":{"line":270,"column":0},"end":{"line":270,"column":44}},"270":{"start":{"line":271,"column":0},"end":{"line":271,"column":63}},"271":{"start":{"line":272,"column":0},"end":{"line":272,"column":16}},"272":{"start":{"line":273,"column":0},"end":{"line":273,"column":9}},"274":{"start":{"line":275,"column":0},"end":{"line":275,"column":46}},"277":{"start":{"line":278,"column":0},"end":{"line":278,"column":61}},"278":{"start":{"line":279,"column":0},"end":{"line":279,"column":59}},"279":{"start":{"line":280,"column":0},"end":{"line":280,"column":53}},"280":{"start":{"line":281,"column":0},"end":{"line":281,"column":77}},"281":{"start":{"line":282,"column":0},"end":{"line":282,"column":40}},"282":{"start":{"line":283,"column":0},"end":{"line":283,"column":73}},"284":{"start":{"line":285,"column":0},"end":{"line":285,"column":74}},"287":{"start":{"line":288,"column":0},"end":{"line":288,"column":67}},"288":{"start":{"line":289,"column":0},"end":{"line":289,"column":35}},"289":{"start":{"line":290,"column":0},"end":{"line":290,"column":53}},"290":{"start":{"line":291,"column":0},"end":{"line":291,"column":71}},"291":{"start":{"line":292,"column":0},"end":{"line":292,"column":43}},"292":{"start":{"line":293,"column":0},"end":{"line":293,"column":105}},"293":{"start":{"line":294,"column":0},"end":{"line":294,"column":135}},"294":{"start":{"line":295,"column":0},"end":{"line":295,"column":130}},"295":{"start":{"line":296,"column":0},"end":{"line":296,"column":66}},"296":{"start":{"line":297,"column":0},"end":{"line":297,"column":19}},"297":{"start":{"line":298,"column":0},"end":{"line":298,"column":11}},"298":{"start":{"line":299,"column":0},"end":{"line":299,"column":60}},"299":{"start":{"line":300,"column":0},"end":{"line":300,"column":102}},"300":{"start":{"line":301,"column":0},"end":{"line":301,"column":64}},"301":{"start":{"line":302,"column":0},"end":{"line":302,"column":89}},"302":{"start":{"line":303,"column":0},"end":{"line":303,"column":101}},"303":{"start":{"line":304,"column":0},"end":{"line":304,"column":128}},"304":{"start":{"line":305,"column":0},"end":{"line":305,"column":12}},"305":{"start":{"line":306,"column":0},"end":{"line":306,"column":9}},"306":{"start":{"line":307,"column":0},"end":{"line":307,"column":13}},"307":{"start":{"line":308,"column":0},"end":{"line":308,"column":52}},"308":{"start":{"line":309,"column":0},"end":{"line":309,"column":9}},"310":{"start":{"line":311,"column":0},"end":{"line":311,"column":22}},"311":{"start":{"line":312,"column":0},"end":{"line":312,"column":93}},"312":{"start":{"line":313,"column":0},"end":{"line":313,"column":61}},"313":{"start":{"line":314,"column":0},"end":{"line":314,"column":9}},"315":{"start":{"line":316,"column":0},"end":{"line":316,"column":96}},"316":{"start":{"line":317,"column":0},"end":{"line":317,"column":76}},"317":{"start":{"line":318,"column":0},"end":{"line":318,"column":77}},"318":{"start":{"line":319,"column":0},"end":{"line":319,"column":70}},"319":{"start":{"line":320,"column":0},"end":{"line":320,"column":57}},"320":{"start":{"line":321,"column":0},"end":{"line":321,"column":41}},"321":{"start":{"line":322,"column":0},"end":{"line":322,"column":96}},"322":{"start":{"line":323,"column":0},"end":{"line":323,"column":50}},"324":{"start":{"line":325,"column":0},"end":{"line":325,"column":89}},"325":{"start":{"line":326,"column":0},"end":{"line":326,"column":30}},"326":{"start":{"line":327,"column":0},"end":{"line":327,"column":20}},"327":{"start":{"line":328,"column":0},"end":{"line":328,"column":22}},"328":{"start":{"line":329,"column":0},"end":{"line":329,"column":28}},"329":{"start":{"line":330,"column":0},"end":{"line":330,"column":17}},"330":{"start":{"line":331,"column":0},"end":{"line":331,"column":12}},"331":{"start":{"line":332,"column":0},"end":{"line":332,"column":16}},"332":{"start":{"line":333,"column":0},"end":{"line":333,"column":28}},"333":{"start":{"line":334,"column":0},"end":{"line":334,"column":31}},"334":{"start":{"line":335,"column":0},"end":{"line":335,"column":11}},"335":{"start":{"line":336,"column":0},"end":{"line":336,"column":11}},"336":{"start":{"line":337,"column":0},"end":{"line":337,"column":67}},"337":{"start":{"line":338,"column":0},"end":{"line":338,"column":49}},"338":{"start":{"line":339,"column":0},"end":{"line":339,"column":76}},"339":{"start":{"line":340,"column":0},"end":{"line":340,"column":36}},"340":{"start":{"line":341,"column":0},"end":{"line":341,"column":29}},"342":{"start":{"line":343,"column":0},"end":{"line":343,"column":56}},"343":{"start":{"line":344,"column":0},"end":{"line":344,"column":49}},"344":{"start":{"line":345,"column":0},"end":{"line":345,"column":68}},"345":{"start":{"line":346,"column":0},"end":{"line":346,"column":37}},"347":{"start":{"line":348,"column":0},"end":{"line":348,"column":14}},"350":{"start":{"line":351,"column":0},"end":{"line":351,"column":43}},"351":{"start":{"line":352,"column":0},"end":{"line":352,"column":45}},"352":{"start":{"line":353,"column":0},"end":{"line":353,"column":40}},"353":{"start":{"line":354,"column":0},"end":{"line":354,"column":64}},"354":{"start":{"line":355,"column":0},"end":{"line":355,"column":48}},"355":{"start":{"line":356,"column":0},"end":{"line":356,"column":17}},"356":{"start":{"line":357,"column":0},"end":{"line":357,"column":9}},"357":{"start":{"line":358,"column":0},"end":{"line":358,"column":43}},"359":{"start":{"line":360,"column":0},"end":{"line":360,"column":49}},"360":{"start":{"line":361,"column":0},"end":{"line":361,"column":51}},"364":{"start":{"line":365,"column":0},"end":{"line":365,"column":43}},"366":{"start":{"line":367,"column":0},"end":{"line":367,"column":20}},"368":{"start":{"line":369,"column":0},"end":{"line":369,"column":43}},"369":{"start":{"line":370,"column":0},"end":{"line":370,"column":57}},"370":{"start":{"line":371,"column":0},"end":{"line":371,"column":59}},"371":{"start":{"line":372,"column":0},"end":{"line":372,"column":62}},"374":{"start":{"line":375,"column":0},"end":{"line":375,"column":27}},"375":{"start":{"line":376,"column":0},"end":{"line":376,"column":15}},"376":{"start":{"line":377,"column":0},"end":{"line":377,"column":17}},"377":{"start":{"line":378,"column":0},"end":{"line":378,"column":25}},"378":{"start":{"line":379,"column":0},"end":{"line":379,"column":25}},"379":{"start":{"line":380,"column":0},"end":{"line":380,"column":31}},"380":{"start":{"line":381,"column":0},"end":{"line":381,"column":21}},"381":{"start":{"line":382,"column":0},"end":{"line":382,"column":13}},"382":{"start":{"line":383,"column":0},"end":{"line":383,"column":49}},"386":{"start":{"line":387,"column":0},"end":{"line":387,"column":66}},"387":{"start":{"line":388,"column":0},"end":{"line":388,"column":84}},"388":{"start":{"line":389,"column":0},"end":{"line":389,"column":54}},"389":{"start":{"line":390,"column":0},"end":{"line":390,"column":29}},"390":{"start":{"line":391,"column":0},"end":{"line":391,"column":11}},"391":{"start":{"line":392,"column":0},"end":{"line":392,"column":15}},"392":{"start":{"line":393,"column":0},"end":{"line":393,"column":45}},"393":{"start":{"line":394,"column":0},"end":{"line":394,"column":11}},"395":{"start":{"line":396,"column":0},"end":{"line":396,"column":63}},"398":{"start":{"line":399,"column":0},"end":{"line":399,"column":82}},"399":{"start":{"line":400,"column":0},"end":{"line":400,"column":42}},"400":{"start":{"line":401,"column":0},"end":{"line":401,"column":37}},"402":{"start":{"line":403,"column":0},"end":{"line":403,"column":57}},"403":{"start":{"line":404,"column":0},"end":{"line":404,"column":16}},"405":{"start":{"line":406,"column":0},"end":{"line":406,"column":51}},"408":{"start":{"line":409,"column":0},"end":{"line":409,"column":27}},"409":{"start":{"line":410,"column":0},"end":{"line":410,"column":15}},"410":{"start":{"line":411,"column":0},"end":{"line":411,"column":17}},"411":{"start":{"line":412,"column":0},"end":{"line":412,"column":25}},"412":{"start":{"line":413,"column":0},"end":{"line":413,"column":21}},"413":{"start":{"line":414,"column":0},"end":{"line":414,"column":31}},"414":{"start":{"line":415,"column":0},"end":{"line":415,"column":21}},"415":{"start":{"line":416,"column":0},"end":{"line":416,"column":13}},"416":{"start":{"line":417,"column":0},"end":{"line":417,"column":45}},"419":{"start":{"line":420,"column":0},"end":{"line":420,"column":56}},"421":{"start":{"line":422,"column":0},"end":{"line":422,"column":68}},"422":{"start":{"line":423,"column":0},"end":{"line":423,"column":38}},"423":{"start":{"line":424,"column":0},"end":{"line":424,"column":56}},"424":{"start":{"line":425,"column":0},"end":{"line":425,"column":11}},"425":{"start":{"line":426,"column":0},"end":{"line":426,"column":15}},"426":{"start":{"line":427,"column":0},"end":{"line":427,"column":31}},"427":{"start":{"line":428,"column":0},"end":{"line":428,"column":11}},"428":{"start":{"line":429,"column":0},"end":{"line":429,"column":82}},"429":{"start":{"line":430,"column":0},"end":{"line":430,"column":42}},"430":{"start":{"line":431,"column":0},"end":{"line":431,"column":37}},"431":{"start":{"line":432,"column":0},"end":{"line":432,"column":9}},"433":{"start":{"line":434,"column":0},"end":{"line":434,"column":47}},"436":{"start":{"line":437,"column":0},"end":{"line":437,"column":100}},"437":{"start":{"line":438,"column":0},"end":{"line":438,"column":62}},"438":{"start":{"line":439,"column":0},"end":{"line":439,"column":87}},"439":{"start":{"line":440,"column":0},"end":{"line":440,"column":99}},"440":{"start":{"line":441,"column":0},"end":{"line":441,"column":126}},"441":{"start":{"line":442,"column":0},"end":{"line":442,"column":10}},"442":{"start":{"line":443,"column":0},"end":{"line":443,"column":54}},"443":{"start":{"line":444,"column":0},"end":{"line":444,"column":61}},"444":{"start":{"line":445,"column":0},"end":{"line":445,"column":20}},"445":{"start":{"line":446,"column":0},"end":{"line":446,"column":37}},"446":{"start":{"line":447,"column":0},"end":{"line":447,"column":9}},"448":{"start":{"line":449,"column":0},"end":{"line":449,"column":59}},"449":{"start":{"line":450,"column":0},"end":{"line":450,"column":45}},"450":{"start":{"line":451,"column":0},"end":{"line":451,"column":47}},"451":{"start":{"line":452,"column":0},"end":{"line":452,"column":56}},"453":{"start":{"line":454,"column":0},"end":{"line":454,"column":50}},"454":{"start":{"line":455,"column":0},"end":{"line":455,"column":61}},"455":{"start":{"line":456,"column":0},"end":{"line":456,"column":53}},"458":{"start":{"line":459,"column":0},"end":{"line":459,"column":61}},"462":{"start":{"line":463,"column":0},"end":{"line":463,"column":49}},"463":{"start":{"line":464,"column":0},"end":{"line":464,"column":96}},"464":{"start":{"line":465,"column":0},"end":{"line":465,"column":62}},"469":{"start":{"line":470,"column":0},"end":{"line":470,"column":55}},"470":{"start":{"line":471,"column":0},"end":{"line":471,"column":68}},"471":{"start":{"line":472,"column":0},"end":{"line":472,"column":58}},"472":{"start":{"line":473,"column":0},"end":{"line":473,"column":37}},"474":{"start":{"line":475,"column":0},"end":{"line":475,"column":58}},"476":{"start":{"line":477,"column":0},"end":{"line":477,"column":13}},"477":{"start":{"line":478,"column":0},"end":{"line":478,"column":59}},"478":{"start":{"line":479,"column":0},"end":{"line":479,"column":68}},"479":{"start":{"line":480,"column":0},"end":{"line":480,"column":11}},"481":{"start":{"line":482,"column":0},"end":{"line":482,"column":59}},"482":{"start":{"line":483,"column":0},"end":{"line":483,"column":34}},"483":{"start":{"line":484,"column":0},"end":{"line":484,"column":11}},"484":{"start":{"line":485,"column":0},"end":{"line":485,"column":25}},"485":{"start":{"line":486,"column":0},"end":{"line":486,"column":56}},"486":{"start":{"line":487,"column":0},"end":{"line":487,"column":15}},"488":{"start":{"line":489,"column":0},"end":{"line":489,"column":61}},"490":{"start":{"line":491,"column":0},"end":{"line":491,"column":30}},"492":{"start":{"line":493,"column":0},"end":{"line":493,"column":20}},"493":{"start":{"line":494,"column":0},"end":{"line":494,"column":22}},"494":{"start":{"line":495,"column":0},"end":{"line":495,"column":28}},"495":{"start":{"line":496,"column":0},"end":{"line":496,"column":17}},"496":{"start":{"line":497,"column":0},"end":{"line":497,"column":12}},"497":{"start":{"line":498,"column":0},"end":{"line":498,"column":16}},"498":{"start":{"line":499,"column":0},"end":{"line":499,"column":34}},"499":{"start":{"line":500,"column":0},"end":{"line":500,"column":31}},"500":{"start":{"line":501,"column":0},"end":{"line":501,"column":11}},"501":{"start":{"line":502,"column":0},"end":{"line":502,"column":11}},"503":{"start":{"line":504,"column":0},"end":{"line":504,"column":57}},"504":{"start":{"line":505,"column":0},"end":{"line":505,"column":7}},"505":{"start":{"line":506,"column":0},"end":{"line":506,"column":21}},"508":{"start":{"line":509,"column":0},"end":{"line":509,"column":37}},"510":{"start":{"line":511,"column":0},"end":{"line":511,"column":11}},"511":{"start":{"line":512,"column":0},"end":{"line":512,"column":57}},"512":{"start":{"line":513,"column":0},"end":{"line":513,"column":66}},"513":{"start":{"line":514,"column":0},"end":{"line":514,"column":9}},"515":{"start":{"line":516,"column":0},"end":{"line":516,"column":57}},"516":{"start":{"line":517,"column":0},"end":{"line":517,"column":32}},"517":{"start":{"line":518,"column":0},"end":{"line":518,"column":9}},"518":{"start":{"line":519,"column":0},"end":{"line":519,"column":23}},"519":{"start":{"line":520,"column":0},"end":{"line":520,"column":54}},"520":{"start":{"line":521,"column":0},"end":{"line":521,"column":13}},"522":{"start":{"line":523,"column":0},"end":{"line":523,"column":59}},"524":{"start":{"line":525,"column":0},"end":{"line":525,"column":73}},"525":{"start":{"line":526,"column":0},"end":{"line":526,"column":39}},"526":{"start":{"line":527,"column":0},"end":{"line":527,"column":62}},"527":{"start":{"line":528,"column":0},"end":{"line":528,"column":15}},"528":{"start":{"line":529,"column":0},"end":{"line":529,"column":7}},"529":{"start":{"line":530,"column":0},"end":{"line":530,"column":44}},"530":{"start":{"line":531,"column":0},"end":{"line":531,"column":51}},"531":{"start":{"line":532,"column":0},"end":{"line":532,"column":67}},"532":{"start":{"line":533,"column":0},"end":{"line":533,"column":14}},"533":{"start":{"line":534,"column":0},"end":{"line":534,"column":65}},"534":{"start":{"line":535,"column":0},"end":{"line":535,"column":7}},"535":{"start":{"line":536,"column":0},"end":{"line":536,"column":15}},"536":{"start":{"line":537,"column":0},"end":{"line":537,"column":24}},"537":{"start":{"line":538,"column":0},"end":{"line":538,"column":5}},"538":{"start":{"line":539,"column":0},"end":{"line":539,"column":4}},"540":{"start":{"line":541,"column":0},"end":{"line":541,"column":69}},"541":{"start":{"line":542,"column":0},"end":{"line":542,"column":38}},"543":{"start":{"line":544,"column":0},"end":{"line":544,"column":29}},"544":{"start":{"line":545,"column":0},"end":{"line":545,"column":47}},"546":{"start":{"line":547,"column":0},"end":{"line":547,"column":35}},"547":{"start":{"line":548,"column":0},"end":{"line":548,"column":37}},"549":{"start":{"line":550,"column":0},"end":{"line":550,"column":123}},"550":{"start":{"line":551,"column":0},"end":{"line":551,"column":45}},"551":{"start":{"line":552,"column":0},"end":{"line":552,"column":10}},"552":{"start":{"line":553,"column":0},"end":{"line":553,"column":3}},"554":{"start":{"line":555,"column":0},"end":{"line":555,"column":25}},"555":{"start":{"line":556,"column":0},"end":{"line":556,"column":46}},"556":{"start":{"line":557,"column":0},"end":{"line":557,"column":16}},"557":{"start":{"line":558,"column":0},"end":{"line":558,"column":61}},"558":{"start":{"line":559,"column":0},"end":{"line":559,"column":52}},"559":{"start":{"line":560,"column":0},"end":{"line":560,"column":10}},"560":{"start":{"line":561,"column":0},"end":{"line":561,"column":3}},"564":{"start":{"line":565,"column":0},"end":{"line":565,"column":62}},"565":{"start":{"line":566,"column":0},"end":{"line":566,"column":55}},"566":{"start":{"line":567,"column":0},"end":{"line":567,"column":15}},"567":{"start":{"line":568,"column":0},"end":{"line":568,"column":108}},"568":{"start":{"line":569,"column":0},"end":{"line":569,"column":59}},"569":{"start":{"line":570,"column":0},"end":{"line":570,"column":10}},"570":{"start":{"line":571,"column":0},"end":{"line":571,"column":3}},"572":{"start":{"line":573,"column":0},"end":{"line":573,"column":47}},"574":{"start":{"line":575,"column":0},"end":{"line":575,"column":48}},"576":{"start":{"line":577,"column":0},"end":{"line":577,"column":22}},"577":{"start":{"line":578,"column":0},"end":{"line":578,"column":26}},"578":{"start":{"line":579,"column":0},"end":{"line":579,"column":84}},"579":{"start":{"line":580,"column":0},"end":{"line":580,"column":7}},"580":{"start":{"line":581,"column":0},"end":{"line":581,"column":10}},"581":{"start":{"line":582,"column":0},"end":{"line":582,"column":3}},"584":{"start":{"line":585,"column":0},"end":{"line":585,"column":38}},"585":{"start":{"line":586,"column":0},"end":{"line":586,"column":7}},"587":{"start":{"line":588,"column":0},"end":{"line":588,"column":44}},"589":{"start":{"line":590,"column":0},"end":{"line":590,"column":20}},"591":{"start":{"line":592,"column":0},"end":{"line":592,"column":106}},"592":{"start":{"line":593,"column":0},"end":{"line":593,"column":48}},"593":{"start":{"line":594,"column":0},"end":{"line":594,"column":12}},"595":{"start":{"line":596,"column":0},"end":{"line":596,"column":5}},"598":{"start":{"line":599,"column":0},"end":{"line":599,"column":102}},"599":{"start":{"line":600,"column":0},"end":{"line":600,"column":31}},"602":{"start":{"line":603,"column":0},"end":{"line":603,"column":34}},"604":{"start":{"line":605,"column":0},"end":{"line":605,"column":32}},"607":{"start":{"line":608,"column":0},"end":{"line":608,"column":48}},"610":{"start":{"line":611,"column":0},"end":{"line":611,"column":42}},"612":{"start":{"line":613,"column":0},"end":{"line":613,"column":57}},"613":{"start":{"line":614,"column":0},"end":{"line":614,"column":61}},"614":{"start":{"line":615,"column":0},"end":{"line":615,"column":12}},"615":{"start":{"line":616,"column":0},"end":{"line":616,"column":5}},"617":{"start":{"line":618,"column":0},"end":{"line":618,"column":37}},"618":{"start":{"line":619,"column":0},"end":{"line":619,"column":21}},"619":{"start":{"line":620,"column":0},"end":{"line":620,"column":47}},"621":{"start":{"line":622,"column":0},"end":{"line":622,"column":93}},"622":{"start":{"line":623,"column":0},"end":{"line":623,"column":78}},"623":{"start":{"line":624,"column":0},"end":{"line":624,"column":12}},"624":{"start":{"line":625,"column":0},"end":{"line":625,"column":5}},"627":{"start":{"line":628,"column":0},"end":{"line":628,"column":48}},"629":{"start":{"line":630,"column":0},"end":{"line":630,"column":63}},"632":{"start":{"line":633,"column":0},"end":{"line":633,"column":41}},"633":{"start":{"line":634,"column":0},"end":{"line":634,"column":49}},"634":{"start":{"line":635,"column":0},"end":{"line":635,"column":37}},"635":{"start":{"line":636,"column":0},"end":{"line":636,"column":63}},"636":{"start":{"line":637,"column":0},"end":{"line":637,"column":13}},"637":{"start":{"line":638,"column":0},"end":{"line":638,"column":5}},"641":{"start":{"line":642,"column":0},"end":{"line":642,"column":39}},"643":{"start":{"line":644,"column":0},"end":{"line":644,"column":43}},"645":{"start":{"line":646,"column":0},"end":{"line":646,"column":60}},"649":{"start":{"line":650,"column":0},"end":{"line":650,"column":54}},"650":{"start":{"line":651,"column":0},"end":{"line":651,"column":95}},"651":{"start":{"line":652,"column":0},"end":{"line":652,"column":80}},"652":{"start":{"line":653,"column":0},"end":{"line":653,"column":15}},"653":{"start":{"line":654,"column":0},"end":{"line":654,"column":7}},"656":{"start":{"line":657,"column":0},"end":{"line":657,"column":21}},"658":{"start":{"line":659,"column":0},"end":{"line":659,"column":78}},"659":{"start":{"line":660,"column":0},"end":{"line":660,"column":97}},"660":{"start":{"line":661,"column":0},"end":{"line":661,"column":82}},"661":{"start":{"line":662,"column":0},"end":{"line":662,"column":17}},"662":{"start":{"line":663,"column":0},"end":{"line":663,"column":9}},"664":{"start":{"line":665,"column":0},"end":{"line":665,"column":44}},"666":{"start":{"line":667,"column":0},"end":{"line":667,"column":115}},"667":{"start":{"line":668,"column":0},"end":{"line":668,"column":101}},"668":{"start":{"line":669,"column":0},"end":{"line":669,"column":86}},"669":{"start":{"line":670,"column":0},"end":{"line":670,"column":21}},"670":{"start":{"line":671,"column":0},"end":{"line":671,"column":13}},"672":{"start":{"line":673,"column":0},"end":{"line":673,"column":9}},"673":{"start":{"line":674,"column":0},"end":{"line":674,"column":7}},"675":{"start":{"line":676,"column":0},"end":{"line":676,"column":5}},"678":{"start":{"line":679,"column":0},"end":{"line":679,"column":46}},"679":{"start":{"line":680,"column":0},"end":{"line":680,"column":45}},"682":{"start":{"line":683,"column":0},"end":{"line":683,"column":37}},"683":{"start":{"line":684,"column":0},"end":{"line":684,"column":53}},"684":{"start":{"line":685,"column":0},"end":{"line":685,"column":65}},"686":{"start":{"line":687,"column":0},"end":{"line":687,"column":66}},"687":{"start":{"line":688,"column":0},"end":{"line":688,"column":33}},"689":{"start":{"line":690,"column":0},"end":{"line":690,"column":26}},"690":{"start":{"line":691,"column":0},"end":{"line":691,"column":17}},"691":{"start":{"line":692,"column":0},"end":{"line":692,"column":32}},"692":{"start":{"line":693,"column":0},"end":{"line":693,"column":38}},"693":{"start":{"line":694,"column":0},"end":{"line":694,"column":28}},"694":{"start":{"line":695,"column":0},"end":{"line":695,"column":8}},"695":{"start":{"line":696,"column":0},"end":{"line":696,"column":13}},"696":{"start":{"line":697,"column":0},"end":{"line":697,"column":51}},"697":{"start":{"line":698,"column":0},"end":{"line":698,"column":43}},"698":{"start":{"line":699,"column":0},"end":{"line":699,"column":38}},"699":{"start":{"line":700,"column":0},"end":{"line":700,"column":30}},"700":{"start":{"line":701,"column":0},"end":{"line":701,"column":8}},"701":{"start":{"line":702,"column":0},"end":{"line":702,"column":7}},"703":{"start":{"line":704,"column":0},"end":{"line":704,"column":17}},"704":{"start":{"line":705,"column":0},"end":{"line":705,"column":35}},"706":{"start":{"line":707,"column":0},"end":{"line":707,"column":70}},"707":{"start":{"line":708,"column":0},"end":{"line":708,"column":90}},"708":{"start":{"line":709,"column":0},"end":{"line":709,"column":60}},"709":{"start":{"line":710,"column":0},"end":{"line":710,"column":13}},"710":{"start":{"line":711,"column":0},"end":{"line":711,"column":5}},"712":{"start":{"line":713,"column":0},"end":{"line":713,"column":58}},"714":{"start":{"line":715,"column":0},"end":{"line":715,"column":61}},"716":{"start":{"line":717,"column":0},"end":{"line":717,"column":13}},"717":{"start":{"line":718,"column":0},"end":{"line":718,"column":21}},"718":{"start":{"line":719,"column":0},"end":{"line":719,"column":3}},"719":{"start":{"line":720,"column":0},"end":{"line":720,"column":2}},"722":{"start":{"line":723,"column":0},"end":{"line":723,"column":76}},"724":{"start":{"line":725,"column":0},"end":{"line":725,"column":27}},"726":{"start":{"line":727,"column":0},"end":{"line":727,"column":54}},"729":{"start":{"line":730,"column":0},"end":{"line":730,"column":13}},"730":{"start":{"line":731,"column":0},"end":{"line":731,"column":124}},"731":{"start":{"line":732,"column":0},"end":{"line":732,"column":34}},"732":{"start":{"line":733,"column":0},"end":{"line":733,"column":9}},"733":{"start":{"line":734,"column":0},"end":{"line":734,"column":1}},"736":{"start":{"line":737,"column":0},"end":{"line":737,"column":36}},"738":{"start":{"line":739,"column":0},"end":{"line":739,"column":60}},"739":{"start":{"line":740,"column":0},"end":{"line":740,"column":53}},"741":{"start":{"line":742,"column":0},"end":{"line":742,"column":13}},"742":{"start":{"line":743,"column":0},"end":{"line":743,"column":106}},"743":{"start":{"line":744,"column":0},"end":{"line":744,"column":64}},"744":{"start":{"line":745,"column":0},"end":{"line":745,"column":8}},"745":{"start":{"line":746,"column":0},"end":{"line":746,"column":1}},"747":{"start":{"line":748,"column":0},"end":{"line":748,"column":5}},"750":{"start":{"line":751,"column":0},"end":{"line":751,"column":100}},"751":{"start":{"line":752,"column":0},"end":{"line":752,"column":29}},"752":{"start":{"line":753,"column":0},"end":{"line":753,"column":42}},"754":{"start":{"line":755,"column":0},"end":{"line":755,"column":18}},"756":{"start":{"line":757,"column":0},"end":{"line":757,"column":108}},"757":{"start":{"line":758,"column":0},"end":{"line":758,"column":11}},"758":{"start":{"line":759,"column":0},"end":{"line":759,"column":3}},"760":{"start":{"line":761,"column":0},"end":{"line":761,"column":47}},"762":{"start":{"line":763,"column":0},"end":{"line":763,"column":48}},"764":{"start":{"line":765,"column":0},"end":{"line":765,"column":22}},"765":{"start":{"line":766,"column":0},"end":{"line":766,"column":26}},"766":{"start":{"line":767,"column":0},"end":{"line":767,"column":84}},"767":{"start":{"line":768,"column":0},"end":{"line":768,"column":7}},"768":{"start":{"line":769,"column":0},"end":{"line":769,"column":10}},"769":{"start":{"line":770,"column":0},"end":{"line":770,"column":3}},"773":{"start":{"line":774,"column":0},"end":{"line":774,"column":17}},"774":{"start":{"line":775,"column":0},"end":{"line":775,"column":54}},"776":{"start":{"line":777,"column":0},"end":{"line":777,"column":44}},"778":{"start":{"line":779,"column":0},"end":{"line":779,"column":94}},"779":{"start":{"line":780,"column":0},"end":{"line":780,"column":77}},"780":{"start":{"line":781,"column":0},"end":{"line":781,"column":12}},"781":{"start":{"line":782,"column":0},"end":{"line":782,"column":5}},"783":{"start":{"line":784,"column":0},"end":{"line":784,"column":60}},"784":{"start":{"line":785,"column":0},"end":{"line":785,"column":98}},"789":{"start":{"line":790,"column":0},"end":{"line":790,"column":87}},"791":{"start":{"line":792,"column":0},"end":{"line":792,"column":40}},"792":{"start":{"line":793,"column":0},"end":{"line":793,"column":74}},"793":{"start":{"line":794,"column":0},"end":{"line":794,"column":64}},"794":{"start":{"line":795,"column":0},"end":{"line":795,"column":14}},"795":{"start":{"line":796,"column":0},"end":{"line":796,"column":5}},"797":{"start":{"line":798,"column":0},"end":{"line":798,"column":25}},"798":{"start":{"line":799,"column":0},"end":{"line":799,"column":52}},"800":{"start":{"line":801,"column":0},"end":{"line":801,"column":55}},"801":{"start":{"line":802,"column":0},"end":{"line":802,"column":57}},"802":{"start":{"line":803,"column":0},"end":{"line":803,"column":63}},"804":{"start":{"line":805,"column":0},"end":{"line":805,"column":27}},"806":{"start":{"line":807,"column":0},"end":{"line":807,"column":32}},"807":{"start":{"line":808,"column":0},"end":{"line":808,"column":26}},"809":{"start":{"line":810,"column":0},"end":{"line":810,"column":21}},"811":{"start":{"line":812,"column":0},"end":{"line":812,"column":11}},"812":{"start":{"line":813,"column":0},"end":{"line":813,"column":5}},"813":{"start":{"line":814,"column":0},"end":{"line":814,"column":112}},"814":{"start":{"line":815,"column":0},"end":{"line":815,"column":38}},"816":{"start":{"line":817,"column":0},"end":{"line":817,"column":8}},"819":{"start":{"line":820,"column":0},"end":{"line":820,"column":24}},"823":{"start":{"line":824,"column":0},"end":{"line":824,"column":88}},"825":{"start":{"line":826,"column":0},"end":{"line":826,"column":40}},"826":{"start":{"line":827,"column":0},"end":{"line":827,"column":74}},"827":{"start":{"line":828,"column":0},"end":{"line":828,"column":64}},"828":{"start":{"line":829,"column":0},"end":{"line":829,"column":14}},"829":{"start":{"line":830,"column":0},"end":{"line":830,"column":5}},"831":{"start":{"line":832,"column":0},"end":{"line":832,"column":25}},"832":{"start":{"line":833,"column":0},"end":{"line":833,"column":52}},"834":{"start":{"line":835,"column":0},"end":{"line":835,"column":55}},"835":{"start":{"line":836,"column":0},"end":{"line":836,"column":57}},"836":{"start":{"line":837,"column":0},"end":{"line":837,"column":63}},"838":{"start":{"line":839,"column":0},"end":{"line":839,"column":27}},"840":{"start":{"line":841,"column":0},"end":{"line":841,"column":32}},"841":{"start":{"line":842,"column":0},"end":{"line":842,"column":26}},"842":{"start":{"line":843,"column":0},"end":{"line":843,"column":21}},"844":{"start":{"line":845,"column":0},"end":{"line":845,"column":11}},"845":{"start":{"line":846,"column":0},"end":{"line":846,"column":5}},"847":{"start":{"line":848,"column":0},"end":{"line":848,"column":112}},"849":{"start":{"line":850,"column":0},"end":{"line":850,"column":38}},"852":{"start":{"line":853,"column":0},"end":{"line":853,"column":3}},"855":{"start":{"line":856,"column":0},"end":{"line":856,"column":1}},"856":{"start":{"line":857,"column":0},"end":{"line":857,"column":15}},"858":{"start":{"line":859,"column":0},"end":{"line":859,"column":69}},"859":{"start":{"line":860,"column":0},"end":{"line":860,"column":35}},"860":{"start":{"line":861,"column":0},"end":{"line":861,"column":108}},"861":{"start":{"line":862,"column":0},"end":{"line":862,"column":11}},"862":{"start":{"line":863,"column":0},"end":{"line":863,"column":3}},"863":{"start":{"line":864,"column":0},"end":{"line":864,"column":57}},"864":{"start":{"line":865,"column":0},"end":{"line":865,"column":144}},"866":{"start":{"line":867,"column":0},"end":{"line":867,"column":11}},"867":{"start":{"line":868,"column":0},"end":{"line":868,"column":25}},"868":{"start":{"line":869,"column":0},"end":{"line":869,"column":1}},"869":{"start":{"line":870,"column":0},"end":{"line":870,"column":2}},"873":{"start":{"line":874,"column":0},"end":{"line":874,"column":65}},"876":{"start":{"line":877,"column":0},"end":{"line":877,"column":21}},"878":{"start":{"line":879,"column":0},"end":{"line":879,"column":57}},"881":{"start":{"line":882,"column":0},"end":{"line":882,"column":10}},"882":{"start":{"line":883,"column":0},"end":{"line":883,"column":47}},"883":{"start":{"line":884,"column":0},"end":{"line":884,"column":27}},"884":{"start":{"line":885,"column":0},"end":{"line":885,"column":10}},"885":{"start":{"line":886,"column":0},"end":{"line":886,"column":3}},"887":{"start":{"line":888,"column":0},"end":{"line":888,"column":61}},"888":{"start":{"line":889,"column":0},"end":{"line":889,"column":55}},"890":{"start":{"line":891,"column":0},"end":{"line":891,"column":15}},"891":{"start":{"line":892,"column":0},"end":{"line":892,"column":68}},"892":{"start":{"line":893,"column":0},"end":{"line":893,"column":39}},"893":{"start":{"line":894,"column":0},"end":{"line":894,"column":10}},"894":{"start":{"line":895,"column":0},"end":{"line":895,"column":3}},"898":{"start":{"line":899,"column":0},"end":{"line":899,"column":6}},"900":{"start":{"line":901,"column":0},"end":{"line":901,"column":44}},"902":{"start":{"line":903,"column":0},"end":{"line":903,"column":20}},"903":{"start":{"line":904,"column":0},"end":{"line":904,"column":55}},"904":{"start":{"line":905,"column":0},"end":{"line":905,"column":30}},"905":{"start":{"line":906,"column":0},"end":{"line":906,"column":14}},"906":{"start":{"line":907,"column":0},"end":{"line":907,"column":5}},"907":{"start":{"line":908,"column":0},"end":{"line":908,"column":102}},"908":{"start":{"line":909,"column":0},"end":{"line":909,"column":31}},"909":{"start":{"line":910,"column":0},"end":{"line":910,"column":49}},"911":{"start":{"line":912,"column":0},"end":{"line":912,"column":50}},"913":{"start":{"line":914,"column":0},"end":{"line":914,"column":24}},"914":{"start":{"line":915,"column":0},"end":{"line":915,"column":28}},"915":{"start":{"line":916,"column":0},"end":{"line":916,"column":86}},"916":{"start":{"line":917,"column":0},"end":{"line":917,"column":9}},"917":{"start":{"line":918,"column":0},"end":{"line":918,"column":12}},"918":{"start":{"line":919,"column":0},"end":{"line":919,"column":5}},"922":{"start":{"line":923,"column":0},"end":{"line":923,"column":19}},"924":{"start":{"line":925,"column":0},"end":{"line":925,"column":85}},"925":{"start":{"line":926,"column":0},"end":{"line":926,"column":31}},"926":{"start":{"line":927,"column":0},"end":{"line":927,"column":12}},"927":{"start":{"line":928,"column":0},"end":{"line":928,"column":5}},"929":{"start":{"line":930,"column":0},"end":{"line":930,"column":27}},"931":{"start":{"line":932,"column":0},"end":{"line":932,"column":61}},"933":{"start":{"line":934,"column":0},"end":{"line":934,"column":41}},"935":{"start":{"line":936,"column":0},"end":{"line":936,"column":60}},"936":{"start":{"line":937,"column":0},"end":{"line":937,"column":49}},"937":{"start":{"line":938,"column":0},"end":{"line":938,"column":12}},"938":{"start":{"line":939,"column":0},"end":{"line":939,"column":5}},"941":{"start":{"line":942,"column":0},"end":{"line":942,"column":53}},"943":{"start":{"line":944,"column":0},"end":{"line":944,"column":36}},"944":{"start":{"line":945,"column":0},"end":{"line":945,"column":84}},"945":{"start":{"line":946,"column":0},"end":{"line":946,"column":56}},"946":{"start":{"line":947,"column":0},"end":{"line":947,"column":13}},"947":{"start":{"line":948,"column":0},"end":{"line":948,"column":5}},"949":{"start":{"line":950,"column":0},"end":{"line":950,"column":55}},"950":{"start":{"line":951,"column":0},"end":{"line":951,"column":39}},"951":{"start":{"line":952,"column":0},"end":{"line":952,"column":10}},"953":{"start":{"line":954,"column":0},"end":{"line":954,"column":16}},"956":{"start":{"line":957,"column":0},"end":{"line":957,"column":71}},"957":{"start":{"line":958,"column":0},"end":{"line":958,"column":38}},"958":{"start":{"line":959,"column":0},"end":{"line":959,"column":60}},"959":{"start":{"line":960,"column":0},"end":{"line":960,"column":13}},"960":{"start":{"line":961,"column":0},"end":{"line":961,"column":5}},"961":{"start":{"line":962,"column":0},"end":{"line":962,"column":58}},"962":{"start":{"line":963,"column":0},"end":{"line":963,"column":61}},"963":{"start":{"line":964,"column":0},"end":{"line":964,"column":11}},"964":{"start":{"line":965,"column":0},"end":{"line":965,"column":3}},"966":{"start":{"line":967,"column":0},"end":{"line":967,"column":1}},"968":{"start":{"line":969,"column":0},"end":{"line":969,"column":66}},"970":{"start":{"line":971,"column":0},"end":{"line":971,"column":38}},"971":{"start":{"line":972,"column":0},"end":{"line":972,"column":35}},"977":{"start":{"line":978,"column":0},"end":{"line":978,"column":62}},"978":{"start":{"line":979,"column":0},"end":{"line":979,"column":55}},"980":{"start":{"line":981,"column":0},"end":{"line":981,"column":15}},"981":{"start":{"line":982,"column":0},"end":{"line":982,"column":108}},"982":{"start":{"line":983,"column":0},"end":{"line":983,"column":52}},"983":{"start":{"line":984,"column":0},"end":{"line":984,"column":10}},"984":{"start":{"line":985,"column":0},"end":{"line":985,"column":3}},"987":{"start":{"line":988,"column":0},"end":{"line":988,"column":6}},"988":{"start":{"line":989,"column":0},"end":{"line":989,"column":55}},"989":{"start":{"line":990,"column":0},"end":{"line":990,"column":53}},"990":{"start":{"line":991,"column":0},"end":{"line":991,"column":90}},"991":{"start":{"line":992,"column":0},"end":{"line":992,"column":82}},"992":{"start":{"line":993,"column":0},"end":{"line":993,"column":12}},"993":{"start":{"line":994,"column":0},"end":{"line":994,"column":5}},"994":{"start":{"line":995,"column":0},"end":{"line":995,"column":41}},"995":{"start":{"line":996,"column":0},"end":{"line":996,"column":70}},"997":{"start":{"line":998,"column":0},"end":{"line":998,"column":25}},"998":{"start":{"line":999,"column":0},"end":{"line":999,"column":43}},"999":{"start":{"line":1000,"column":0},"end":{"line":1000,"column":61}},"1000":{"start":{"line":1001,"column":0},"end":{"line":1001,"column":12}},"1001":{"start":{"line":1002,"column":0},"end":{"line":1002,"column":5}},"1002":{"start":{"line":1003,"column":0},"end":{"line":1003,"column":68}},"1003":{"start":{"line":1004,"column":0},"end":{"line":1004,"column":102}},"1004":{"start":{"line":1005,"column":0},"end":{"line":1005,"column":31}},"1005":{"start":{"line":1006,"column":0},"end":{"line":1006,"column":44}},"1007":{"start":{"line":1008,"column":0},"end":{"line":1008,"column":50}},"1009":{"start":{"line":1010,"column":0},"end":{"line":1010,"column":42}},"1010":{"start":{"line":1011,"column":0},"end":{"line":1011,"column":108}},"1011":{"start":{"line":1012,"column":0},"end":{"line":1012,"column":77}},"1012":{"start":{"line":1013,"column":0},"end":{"line":1013,"column":12}},"1013":{"start":{"line":1014,"column":0},"end":{"line":1014,"column":5}},"1015":{"start":{"line":1016,"column":0},"end":{"line":1016,"column":50}},"1016":{"start":{"line":1017,"column":0},"end":{"line":1017,"column":38}},"1018":{"start":{"line":1019,"column":0},"end":{"line":1019,"column":84}},"1019":{"start":{"line":1020,"column":0},"end":{"line":1020,"column":81}},"1020":{"start":{"line":1021,"column":0},"end":{"line":1021,"column":12}},"1021":{"start":{"line":1022,"column":0},"end":{"line":1022,"column":5}},"1024":{"start":{"line":1025,"column":0},"end":{"line":1025,"column":66}},"1025":{"start":{"line":1026,"column":0},"end":{"line":1026,"column":73}},"1027":{"start":{"line":1028,"column":0},"end":{"line":1028,"column":37}},"1028":{"start":{"line":1029,"column":0},"end":{"line":1029,"column":99}},"1029":{"start":{"line":1030,"column":0},"end":{"line":1030,"column":94}},"1030":{"start":{"line":1031,"column":0},"end":{"line":1031,"column":12}},"1032":{"start":{"line":1033,"column":0},"end":{"line":1033,"column":5}},"1033":{"start":{"line":1034,"column":0},"end":{"line":1034,"column":64}},"1035":{"start":{"line":1036,"column":0},"end":{"line":1036,"column":58}},"1037":{"start":{"line":1038,"column":0},"end":{"line":1038,"column":32}},"1039":{"start":{"line":1040,"column":0},"end":{"line":1040,"column":60}},"1040":{"start":{"line":1041,"column":0},"end":{"line":1041,"column":83}},"1041":{"start":{"line":1042,"column":0},"end":{"line":1042,"column":12}},"1042":{"start":{"line":1043,"column":0},"end":{"line":1043,"column":5}},"1045":{"start":{"line":1046,"column":0},"end":{"line":1046,"column":27}},"1046":{"start":{"line":1047,"column":0},"end":{"line":1047,"column":52}},"1047":{"start":{"line":1048,"column":0},"end":{"line":1048,"column":67}},"1048":{"start":{"line":1049,"column":0},"end":{"line":1049,"column":55}},"1049":{"start":{"line":1050,"column":0},"end":{"line":1050,"column":70}},"1050":{"start":{"line":1051,"column":0},"end":{"line":1051,"column":46}},"1051":{"start":{"line":1052,"column":0},"end":{"line":1052,"column":61}},"1052":{"start":{"line":1053,"column":0},"end":{"line":1053,"column":73}},"1053":{"start":{"line":1054,"column":0},"end":{"line":1054,"column":88}},"1054":{"start":{"line":1055,"column":0},"end":{"line":1055,"column":58}},"1055":{"start":{"line":1056,"column":0},"end":{"line":1056,"column":73}},"1056":{"start":{"line":1057,"column":0},"end":{"line":1057,"column":73}},"1057":{"start":{"line":1058,"column":0},"end":{"line":1058,"column":88}},"1058":{"start":{"line":1059,"column":0},"end":{"line":1059,"column":56}},"1059":{"start":{"line":1060,"column":0},"end":{"line":1060,"column":71}},"1060":{"start":{"line":1061,"column":0},"end":{"line":1061,"column":50}},"1061":{"start":{"line":1062,"column":0},"end":{"line":1062,"column":64}},"1062":{"start":{"line":1063,"column":0},"end":{"line":1063,"column":6}},"1063":{"start":{"line":1064,"column":0},"end":{"line":1064,"column":111}},"1064":{"start":{"line":1065,"column":0},"end":{"line":1065,"column":142}},"1065":{"start":{"line":1066,"column":0},"end":{"line":1066,"column":118}},"1066":{"start":{"line":1067,"column":0},"end":{"line":1067,"column":6}},"1067":{"start":{"line":1068,"column":0},"end":{"line":1068,"column":64}},"1068":{"start":{"line":1069,"column":0},"end":{"line":1069,"column":104}},"1069":{"start":{"line":1070,"column":0},"end":{"line":1070,"column":12}},"1070":{"start":{"line":1071,"column":0},"end":{"line":1071,"column":5}},"1072":{"start":{"line":1073,"column":0},"end":{"line":1073,"column":68}},"1074":{"start":{"line":1075,"column":0},"end":{"line":1075,"column":39}},"1076":{"start":{"line":1077,"column":0},"end":{"line":1077,"column":21}},"1078":{"start":{"line":1079,"column":0},"end":{"line":1079,"column":75}},"1079":{"start":{"line":1080,"column":0},"end":{"line":1080,"column":53}},"1080":{"start":{"line":1081,"column":0},"end":{"line":1081,"column":62}},"1081":{"start":{"line":1082,"column":0},"end":{"line":1082,"column":15}},"1082":{"start":{"line":1083,"column":0},"end":{"line":1083,"column":7}},"1083":{"start":{"line":1084,"column":0},"end":{"line":1084,"column":67}},"1084":{"start":{"line":1085,"column":0},"end":{"line":1085,"column":35}},"1085":{"start":{"line":1086,"column":0},"end":{"line":1086,"column":87}},"1086":{"start":{"line":1087,"column":0},"end":{"line":1087,"column":7}},"1087":{"start":{"line":1088,"column":0},"end":{"line":1088,"column":65}},"1089":{"start":{"line":1090,"column":0},"end":{"line":1090,"column":3}},"1090":{"start":{"line":1091,"column":0},"end":{"line":1091,"column":9}},"1092":{"start":{"line":1093,"column":0},"end":{"line":1093,"column":1}},"1096":{"start":{"line":1097,"column":0},"end":{"line":1097,"column":69}},"1097":{"start":{"line":1098,"column":0},"end":{"line":1098,"column":96}},"1100":{"start":{"line":1101,"column":0},"end":{"line":1101,"column":38}},"1101":{"start":{"line":1102,"column":0},"end":{"line":1102,"column":40}},"1102":{"start":{"line":1103,"column":0},"end":{"line":1103,"column":56}},"1103":{"start":{"line":1104,"column":0},"end":{"line":1104,"column":21}},"1104":{"start":{"line":1105,"column":0},"end":{"line":1105,"column":15}},"1105":{"start":{"line":1106,"column":0},"end":{"line":1106,"column":13}},"1106":{"start":{"line":1107,"column":0},"end":{"line":1107,"column":38}},"1108":{"start":{"line":1109,"column":0},"end":{"line":1109,"column":6}},"1110":{"start":{"line":1111,"column":0},"end":{"line":1111,"column":65}},"1111":{"start":{"line":1112,"column":0},"end":{"line":1112,"column":57}},"1112":{"start":{"line":1113,"column":0},"end":{"line":1113,"column":17}},"1113":{"start":{"line":1114,"column":0},"end":{"line":1114,"column":110}},"1114":{"start":{"line":1115,"column":0},"end":{"line":1115,"column":49}},"1115":{"start":{"line":1116,"column":0},"end":{"line":1116,"column":12}},"1116":{"start":{"line":1117,"column":0},"end":{"line":1117,"column":5}},"1118":{"start":{"line":1119,"column":0},"end":{"line":1119,"column":44}},"1119":{"start":{"line":1120,"column":0},"end":{"line":1120,"column":20}},"1120":{"start":{"line":1121,"column":0},"end":{"line":1121,"column":106}},"1121":{"start":{"line":1122,"column":0},"end":{"line":1122,"column":48}},"1122":{"start":{"line":1123,"column":0},"end":{"line":1123,"column":12}},"1123":{"start":{"line":1124,"column":0},"end":{"line":1124,"column":5}},"1124":{"start":{"line":1125,"column":0},"end":{"line":1125,"column":102}},"1125":{"start":{"line":1126,"column":0},"end":{"line":1126,"column":31}},"1126":{"start":{"line":1127,"column":0},"end":{"line":1127,"column":54}},"1127":{"start":{"line":1128,"column":0},"end":{"line":1128,"column":38}},"1128":{"start":{"line":1129,"column":0},"end":{"line":1129,"column":106}},"1129":{"start":{"line":1130,"column":0},"end":{"line":1130,"column":48}},"1130":{"start":{"line":1131,"column":0},"end":{"line":1131,"column":12}},"1131":{"start":{"line":1132,"column":0},"end":{"line":1132,"column":9}},"1132":{"start":{"line":1133,"column":0},"end":{"line":1133,"column":60}},"1134":{"start":{"line":1135,"column":0},"end":{"line":1135,"column":61}},"1136":{"start":{"line":1137,"column":0},"end":{"line":1137,"column":24}},"1137":{"start":{"line":1138,"column":0},"end":{"line":1138,"column":28}},"1138":{"start":{"line":1139,"column":0},"end":{"line":1139,"column":86}},"1139":{"start":{"line":1140,"column":0},"end":{"line":1140,"column":9}},"1140":{"start":{"line":1141,"column":0},"end":{"line":1141,"column":12}},"1141":{"start":{"line":1142,"column":0},"end":{"line":1142,"column":5}},"1144":{"start":{"line":1145,"column":0},"end":{"line":1145,"column":43}},"1145":{"start":{"line":1146,"column":0},"end":{"line":1146,"column":75}},"1146":{"start":{"line":1147,"column":0},"end":{"line":1147,"column":56}},"1147":{"start":{"line":1148,"column":0},"end":{"line":1148,"column":14}},"1148":{"start":{"line":1149,"column":0},"end":{"line":1149,"column":5}},"1149":{"start":{"line":1150,"column":0},"end":{"line":1150,"column":69}},"1150":{"start":{"line":1151,"column":0},"end":{"line":1151,"column":32}},"1151":{"start":{"line":1152,"column":0},"end":{"line":1152,"column":27}},"1152":{"start":{"line":1153,"column":0},"end":{"line":1153,"column":79}},"1153":{"start":{"line":1154,"column":0},"end":{"line":1154,"column":75}},"1154":{"start":{"line":1155,"column":0},"end":{"line":1155,"column":13}},"1155":{"start":{"line":1156,"column":0},"end":{"line":1156,"column":5}},"1156":{"start":{"line":1157,"column":0},"end":{"line":1157,"column":85}},"1157":{"start":{"line":1158,"column":0},"end":{"line":1158,"column":47}},"1158":{"start":{"line":1159,"column":0},"end":{"line":1159,"column":61}},"1159":{"start":{"line":1160,"column":0},"end":{"line":1160,"column":43}},"1160":{"start":{"line":1161,"column":0},"end":{"line":1161,"column":13}},"1161":{"start":{"line":1162,"column":0},"end":{"line":1162,"column":5}},"1162":{"start":{"line":1163,"column":0},"end":{"line":1163,"column":59}},"1163":{"start":{"line":1164,"column":0},"end":{"line":1164,"column":80}},"1164":{"start":{"line":1165,"column":0},"end":{"line":1165,"column":56}},"1165":{"start":{"line":1166,"column":0},"end":{"line":1166,"column":44}},"1166":{"start":{"line":1167,"column":0},"end":{"line":1167,"column":31}},"1167":{"start":{"line":1168,"column":0},"end":{"line":1168,"column":118}},"1168":{"start":{"line":1169,"column":0},"end":{"line":1169,"column":46}},"1169":{"start":{"line":1170,"column":0},"end":{"line":1170,"column":13}},"1170":{"start":{"line":1171,"column":0},"end":{"line":1171,"column":5}},"1171":{"start":{"line":1172,"column":0},"end":{"line":1172,"column":31}},"1172":{"start":{"line":1173,"column":0},"end":{"line":1173,"column":46}},"1173":{"start":{"line":1174,"column":0},"end":{"line":1174,"column":114}},"1174":{"start":{"line":1175,"column":0},"end":{"line":1175,"column":13}},"1175":{"start":{"line":1176,"column":0},"end":{"line":1176,"column":5}},"1176":{"start":{"line":1177,"column":0},"end":{"line":1177,"column":62}},"1177":{"start":{"line":1178,"column":0},"end":{"line":1178,"column":58}},"1178":{"start":{"line":1179,"column":0},"end":{"line":1179,"column":74}},"1179":{"start":{"line":1180,"column":0},"end":{"line":1180,"column":17}},"1181":{"start":{"line":1182,"column":0},"end":{"line":1182,"column":46}},"1182":{"start":{"line":1183,"column":0},"end":{"line":1183,"column":20}},"1183":{"start":{"line":1184,"column":0},"end":{"line":1184,"column":7}},"1184":{"start":{"line":1185,"column":0},"end":{"line":1185,"column":61}},"1185":{"start":{"line":1186,"column":0},"end":{"line":1186,"column":68}},"1186":{"start":{"line":1187,"column":0},"end":{"line":1187,"column":152}},"1187":{"start":{"line":1188,"column":0},"end":{"line":1188,"column":64}},"1188":{"start":{"line":1189,"column":0},"end":{"line":1189,"column":13}},"1189":{"start":{"line":1190,"column":0},"end":{"line":1190,"column":5}},"1190":{"start":{"line":1191,"column":0},"end":{"line":1191,"column":19}},"1191":{"start":{"line":1192,"column":0},"end":{"line":1192,"column":80}},"1192":{"start":{"line":1193,"column":0},"end":{"line":1193,"column":30}},"1193":{"start":{"line":1194,"column":0},"end":{"line":1194,"column":13}},"1194":{"start":{"line":1195,"column":0},"end":{"line":1195,"column":5}},"1195":{"start":{"line":1196,"column":0},"end":{"line":1196,"column":34}},"1196":{"start":{"line":1197,"column":0},"end":{"line":1197,"column":20}},"1197":{"start":{"line":1198,"column":0},"end":{"line":1198,"column":32}},"1198":{"start":{"line":1199,"column":0},"end":{"line":1199,"column":91}},"1199":{"start":{"line":1200,"column":0},"end":{"line":1200,"column":56}},"1200":{"start":{"line":1201,"column":0},"end":{"line":1201,"column":16}},"1201":{"start":{"line":1202,"column":0},"end":{"line":1202,"column":9}},"1202":{"start":{"line":1203,"column":0},"end":{"line":1203,"column":80}},"1203":{"start":{"line":1204,"column":0},"end":{"line":1204,"column":39}},"1204":{"start":{"line":1205,"column":0},"end":{"line":1205,"column":55}},"1205":{"start":{"line":1206,"column":0},"end":{"line":1206,"column":34}},"1206":{"start":{"line":1207,"column":0},"end":{"line":1207,"column":61}},"1207":{"start":{"line":1208,"column":0},"end":{"line":1208,"column":65}},"1208":{"start":{"line":1209,"column":0},"end":{"line":1209,"column":53}},"1209":{"start":{"line":1210,"column":0},"end":{"line":1210,"column":77}},"1210":{"start":{"line":1211,"column":0},"end":{"line":1211,"column":40}},"1211":{"start":{"line":1212,"column":0},"end":{"line":1212,"column":73}},"1212":{"start":{"line":1213,"column":0},"end":{"line":1213,"column":63}},"1214":{"start":{"line":1215,"column":0},"end":{"line":1215,"column":74}},"1216":{"start":{"line":1217,"column":0},"end":{"line":1217,"column":67}},"1217":{"start":{"line":1218,"column":0},"end":{"line":1218,"column":35}},"1218":{"start":{"line":1219,"column":0},"end":{"line":1219,"column":53}},"1219":{"start":{"line":1220,"column":0},"end":{"line":1220,"column":71}},"1220":{"start":{"line":1221,"column":0},"end":{"line":1221,"column":42}},"1221":{"start":{"line":1222,"column":0},"end":{"line":1222,"column":66}},"1222":{"start":{"line":1223,"column":0},"end":{"line":1223,"column":65}},"1223":{"start":{"line":1224,"column":0},"end":{"line":1224,"column":19}},"1224":{"start":{"line":1225,"column":0},"end":{"line":1225,"column":11}},"1225":{"start":{"line":1226,"column":0},"end":{"line":1226,"column":60}},"1226":{"start":{"line":1227,"column":0},"end":{"line":1227,"column":102}},"1227":{"start":{"line":1228,"column":0},"end":{"line":1228,"column":64}},"1228":{"start":{"line":1229,"column":0},"end":{"line":1229,"column":89}},"1229":{"start":{"line":1230,"column":0},"end":{"line":1230,"column":101}},"1230":{"start":{"line":1231,"column":0},"end":{"line":1231,"column":128}},"1231":{"start":{"line":1232,"column":0},"end":{"line":1232,"column":13}},"1232":{"start":{"line":1233,"column":0},"end":{"line":1233,"column":9}},"1233":{"start":{"line":1234,"column":0},"end":{"line":1234,"column":14}},"1234":{"start":{"line":1235,"column":0},"end":{"line":1235,"column":52}},"1235":{"start":{"line":1236,"column":0},"end":{"line":1236,"column":9}},"1237":{"start":{"line":1238,"column":0},"end":{"line":1238,"column":22}},"1238":{"start":{"line":1239,"column":0},"end":{"line":1239,"column":93}},"1239":{"start":{"line":1240,"column":0},"end":{"line":1240,"column":52}},"1240":{"start":{"line":1241,"column":0},"end":{"line":1241,"column":9}},"1241":{"start":{"line":1242,"column":0},"end":{"line":1242,"column":96}},"1242":{"start":{"line":1243,"column":0},"end":{"line":1243,"column":76}},"1243":{"start":{"line":1244,"column":0},"end":{"line":1244,"column":77}},"1244":{"start":{"line":1245,"column":0},"end":{"line":1245,"column":70}},"1245":{"start":{"line":1246,"column":0},"end":{"line":1246,"column":61}},"1247":{"start":{"line":1248,"column":0},"end":{"line":1248,"column":96}},"1248":{"start":{"line":1249,"column":0},"end":{"line":1249,"column":52}},"1253":{"start":{"line":1254,"column":0},"end":{"line":1254,"column":31}},"1254":{"start":{"line":1255,"column":0},"end":{"line":1255,"column":20}},"1255":{"start":{"line":1256,"column":0},"end":{"line":1256,"column":22}},"1256":{"start":{"line":1257,"column":0},"end":{"line":1257,"column":28}},"1257":{"start":{"line":1258,"column":0},"end":{"line":1258,"column":17}},"1258":{"start":{"line":1259,"column":0},"end":{"line":1259,"column":12}},"1259":{"start":{"line":1260,"column":0},"end":{"line":1260,"column":16}},"1260":{"start":{"line":1261,"column":0},"end":{"line":1261,"column":28}},"1261":{"start":{"line":1262,"column":0},"end":{"line":1262,"column":31}},"1262":{"start":{"line":1263,"column":0},"end":{"line":1263,"column":11}},"1263":{"start":{"line":1264,"column":0},"end":{"line":1264,"column":11}},"1264":{"start":{"line":1265,"column":0},"end":{"line":1265,"column":79}},"1265":{"start":{"line":1266,"column":0},"end":{"line":1266,"column":50}},"1266":{"start":{"line":1267,"column":0},"end":{"line":1267,"column":76}},"1267":{"start":{"line":1268,"column":0},"end":{"line":1268,"column":9}},"1268":{"start":{"line":1269,"column":0},"end":{"line":1269,"column":37}},"1269":{"start":{"line":1270,"column":0},"end":{"line":1270,"column":29}},"1270":{"start":{"line":1271,"column":0},"end":{"line":1271,"column":9}},"1271":{"start":{"line":1272,"column":0},"end":{"line":1272,"column":57}},"1272":{"start":{"line":1273,"column":0},"end":{"line":1273,"column":49}},"1273":{"start":{"line":1274,"column":0},"end":{"line":1274,"column":9}},"1274":{"start":{"line":1275,"column":0},"end":{"line":1275,"column":37}},"1275":{"start":{"line":1276,"column":0},"end":{"line":1276,"column":14}},"1278":{"start":{"line":1279,"column":0},"end":{"line":1279,"column":61}},"1279":{"start":{"line":1280,"column":0},"end":{"line":1280,"column":51}},"1280":{"start":{"line":1281,"column":0},"end":{"line":1281,"column":43}},"1281":{"start":{"line":1282,"column":0},"end":{"line":1282,"column":40}},"1282":{"start":{"line":1283,"column":0},"end":{"line":1283,"column":64}},"1283":{"start":{"line":1284,"column":0},"end":{"line":1284,"column":17}},"1284":{"start":{"line":1285,"column":0},"end":{"line":1285,"column":9}},"1285":{"start":{"line":1286,"column":0},"end":{"line":1286,"column":43}},"1287":{"start":{"line":1288,"column":0},"end":{"line":1288,"column":20}},"1288":{"start":{"line":1289,"column":0},"end":{"line":1289,"column":43}},"1289":{"start":{"line":1290,"column":0},"end":{"line":1290,"column":57}},"1290":{"start":{"line":1291,"column":0},"end":{"line":1291,"column":59}},"1291":{"start":{"line":1292,"column":0},"end":{"line":1292,"column":69}},"1294":{"start":{"line":1295,"column":0},"end":{"line":1295,"column":27}},"1295":{"start":{"line":1296,"column":0},"end":{"line":1296,"column":15}},"1296":{"start":{"line":1297,"column":0},"end":{"line":1297,"column":17}},"1297":{"start":{"line":1298,"column":0},"end":{"line":1298,"column":25}},"1298":{"start":{"line":1299,"column":0},"end":{"line":1299,"column":25}},"1299":{"start":{"line":1300,"column":0},"end":{"line":1300,"column":31}},"1300":{"start":{"line":1301,"column":0},"end":{"line":1301,"column":21}},"1301":{"start":{"line":1302,"column":0},"end":{"line":1302,"column":13}},"1302":{"start":{"line":1303,"column":0},"end":{"line":1303,"column":57}},"1305":{"start":{"line":1306,"column":0},"end":{"line":1306,"column":63}},"1306":{"start":{"line":1307,"column":0},"end":{"line":1307,"column":39}},"1307":{"start":{"line":1308,"column":0},"end":{"line":1308,"column":29}},"1308":{"start":{"line":1309,"column":0},"end":{"line":1309,"column":11}},"1309":{"start":{"line":1310,"column":0},"end":{"line":1310,"column":15}},"1310":{"start":{"line":1311,"column":0},"end":{"line":1311,"column":30}},"1311":{"start":{"line":1312,"column":0},"end":{"line":1312,"column":11}},"1312":{"start":{"line":1313,"column":0},"end":{"line":1313,"column":35}},"1313":{"start":{"line":1314,"column":0},"end":{"line":1314,"column":28}},"1314":{"start":{"line":1315,"column":0},"end":{"line":1315,"column":11}},"1315":{"start":{"line":1316,"column":0},"end":{"line":1316,"column":15}},"1316":{"start":{"line":1317,"column":0},"end":{"line":1317,"column":84}},"1317":{"start":{"line":1318,"column":0},"end":{"line":1318,"column":44}},"1318":{"start":{"line":1319,"column":0},"end":{"line":1319,"column":39}},"1319":{"start":{"line":1320,"column":0},"end":{"line":1320,"column":11}},"1320":{"start":{"line":1321,"column":0},"end":{"line":1321,"column":16}},"1322":{"start":{"line":1323,"column":0},"end":{"line":1323,"column":59}},"1325":{"start":{"line":1326,"column":0},"end":{"line":1326,"column":27}},"1326":{"start":{"line":1327,"column":0},"end":{"line":1327,"column":15}},"1327":{"start":{"line":1328,"column":0},"end":{"line":1328,"column":17}},"1328":{"start":{"line":1329,"column":0},"end":{"line":1329,"column":25}},"1329":{"start":{"line":1330,"column":0},"end":{"line":1330,"column":21}},"1330":{"start":{"line":1331,"column":0},"end":{"line":1331,"column":31}},"1331":{"start":{"line":1332,"column":0},"end":{"line":1332,"column":21}},"1332":{"start":{"line":1333,"column":0},"end":{"line":1333,"column":13}},"1333":{"start":{"line":1334,"column":0},"end":{"line":1334,"column":52}},"1336":{"start":{"line":1337,"column":0},"end":{"line":1337,"column":63}},"1337":{"start":{"line":1338,"column":0},"end":{"line":1338,"column":38}},"1338":{"start":{"line":1339,"column":0},"end":{"line":1339,"column":56}},"1339":{"start":{"line":1340,"column":0},"end":{"line":1340,"column":11}},"1340":{"start":{"line":1341,"column":0},"end":{"line":1341,"column":15}},"1341":{"start":{"line":1342,"column":0},"end":{"line":1342,"column":31}},"1342":{"start":{"line":1343,"column":0},"end":{"line":1343,"column":11}},"1343":{"start":{"line":1344,"column":0},"end":{"line":1344,"column":34}},"1344":{"start":{"line":1345,"column":0},"end":{"line":1345,"column":28}},"1345":{"start":{"line":1346,"column":0},"end":{"line":1346,"column":11}},"1346":{"start":{"line":1347,"column":0},"end":{"line":1347,"column":15}},"1347":{"start":{"line":1348,"column":0},"end":{"line":1348,"column":84}},"1348":{"start":{"line":1349,"column":0},"end":{"line":1349,"column":44}},"1349":{"start":{"line":1350,"column":0},"end":{"line":1350,"column":39}},"1350":{"start":{"line":1351,"column":0},"end":{"line":1351,"column":11}},"1351":{"start":{"line":1352,"column":0},"end":{"line":1352,"column":9}},"1352":{"start":{"line":1353,"column":0},"end":{"line":1353,"column":23}},"1353":{"start":{"line":1354,"column":0},"end":{"line":1354,"column":100}},"1354":{"start":{"line":1355,"column":0},"end":{"line":1355,"column":62}},"1355":{"start":{"line":1356,"column":0},"end":{"line":1356,"column":87}},"1356":{"start":{"line":1357,"column":0},"end":{"line":1357,"column":99}},"1357":{"start":{"line":1358,"column":0},"end":{"line":1358,"column":126}},"1359":{"start":{"line":1360,"column":0},"end":{"line":1360,"column":10}},"1360":{"start":{"line":1361,"column":0},"end":{"line":1361,"column":61}},"1361":{"start":{"line":1362,"column":0},"end":{"line":1362,"column":20}},"1362":{"start":{"line":1363,"column":0},"end":{"line":1363,"column":37}},"1363":{"start":{"line":1364,"column":0},"end":{"line":1364,"column":9}},"1364":{"start":{"line":1365,"column":0},"end":{"line":1365,"column":65}},"1365":{"start":{"line":1366,"column":0},"end":{"line":1366,"column":45}},"1366":{"start":{"line":1367,"column":0},"end":{"line":1367,"column":54}},"1367":{"start":{"line":1368,"column":0},"end":{"line":1368,"column":56}},"1368":{"start":{"line":1369,"column":0},"end":{"line":1369,"column":55}},"1369":{"start":{"line":1370,"column":0},"end":{"line":1370,"column":56}},"1370":{"start":{"line":1371,"column":0},"end":{"line":1371,"column":64}},"1372":{"start":{"line":1373,"column":0},"end":{"line":1373,"column":96}},"1373":{"start":{"line":1374,"column":0},"end":{"line":1374,"column":32}},"1374":{"start":{"line":1375,"column":0},"end":{"line":1375,"column":20}},"1375":{"start":{"line":1376,"column":0},"end":{"line":1376,"column":22}},"1376":{"start":{"line":1377,"column":0},"end":{"line":1377,"column":28}},"1377":{"start":{"line":1378,"column":0},"end":{"line":1378,"column":17}},"1378":{"start":{"line":1379,"column":0},"end":{"line":1379,"column":12}},"1379":{"start":{"line":1380,"column":0},"end":{"line":1380,"column":16}},"1380":{"start":{"line":1381,"column":0},"end":{"line":1381,"column":34}},"1381":{"start":{"line":1382,"column":0},"end":{"line":1382,"column":20}},"1382":{"start":{"line":1383,"column":0},"end":{"line":1383,"column":32}},"1383":{"start":{"line":1384,"column":0},"end":{"line":1384,"column":11}},"1384":{"start":{"line":1385,"column":0},"end":{"line":1385,"column":11}},"1386":{"start":{"line":1387,"column":0},"end":{"line":1387,"column":68}},"1387":{"start":{"line":1388,"column":0},"end":{"line":1388,"column":37}},"1388":{"start":{"line":1389,"column":0},"end":{"line":1389,"column":37}},"1389":{"start":{"line":1390,"column":0},"end":{"line":1390,"column":29}},"1390":{"start":{"line":1391,"column":0},"end":{"line":1391,"column":9}},"1391":{"start":{"line":1392,"column":0},"end":{"line":1392,"column":7}},"1392":{"start":{"line":1393,"column":0},"end":{"line":1393,"column":12}},"1393":{"start":{"line":1394,"column":0},"end":{"line":1394,"column":89}},"1394":{"start":{"line":1395,"column":0},"end":{"line":1395,"column":46}},"1395":{"start":{"line":1396,"column":0},"end":{"line":1396,"column":7}},"1397":{"start":{"line":1398,"column":0},"end":{"line":1398,"column":37}},"1398":{"start":{"line":1399,"column":0},"end":{"line":1399,"column":63}},"1399":{"start":{"line":1400,"column":0},"end":{"line":1400,"column":9}},"1400":{"start":{"line":1401,"column":0},"end":{"line":1401,"column":5}},"1401":{"start":{"line":1402,"column":0},"end":{"line":1402,"column":14}},"1402":{"start":{"line":1403,"column":0},"end":{"line":1403,"column":13}},"1403":{"start":{"line":1404,"column":0},"end":{"line":1404,"column":53}},"1404":{"start":{"line":1405,"column":0},"end":{"line":1405,"column":45}},"1405":{"start":{"line":1406,"column":0},"end":{"line":1406,"column":12}},"1406":{"start":{"line":1407,"column":0},"end":{"line":1407,"column":5}},"1407":{"start":{"line":1408,"column":0},"end":{"line":1408,"column":46}},"1408":{"start":{"line":1409,"column":0},"end":{"line":1409,"column":34}},"1409":{"start":{"line":1410,"column":0},"end":{"line":1410,"column":57}},"1410":{"start":{"line":1411,"column":0},"end":{"line":1411,"column":11}},"1411":{"start":{"line":1412,"column":0},"end":{"line":1412,"column":3}},"1412":{"start":{"line":1413,"column":0},"end":{"line":1413,"column":2}},"1416":{"start":{"line":1417,"column":0},"end":{"line":1417,"column":66}},"1417":{"start":{"line":1418,"column":0},"end":{"line":1418,"column":74}},"1418":{"start":{"line":1419,"column":0},"end":{"line":1419,"column":33}},"1419":{"start":{"line":1420,"column":0},"end":{"line":1420,"column":38}},"1420":{"start":{"line":1421,"column":0},"end":{"line":1421,"column":35}},"1421":{"start":{"line":1422,"column":0},"end":{"line":1422,"column":42}},"1422":{"start":{"line":1423,"column":0},"end":{"line":1423,"column":62}},"1425":{"start":{"line":1426,"column":0},"end":{"line":1426,"column":55}},"1426":{"start":{"line":1427,"column":0},"end":{"line":1427,"column":15}},"1427":{"start":{"line":1428,"column":0},"end":{"line":1428,"column":108}},"1428":{"start":{"line":1429,"column":0},"end":{"line":1429,"column":49}},"1429":{"start":{"line":1430,"column":0},"end":{"line":1430,"column":10}},"1430":{"start":{"line":1431,"column":0},"end":{"line":1431,"column":3}},"1431":{"start":{"line":1432,"column":0},"end":{"line":1432,"column":9}},"1432":{"start":{"line":1433,"column":0},"end":{"line":1433,"column":102}},"1433":{"start":{"line":1434,"column":0},"end":{"line":1434,"column":31}},"1434":{"start":{"line":1435,"column":0},"end":{"line":1435,"column":44}},"1435":{"start":{"line":1436,"column":0},"end":{"line":1436,"column":34}},"1437":{"start":{"line":1438,"column":0},"end":{"line":1438,"column":60}},"1439":{"start":{"line":1440,"column":0},"end":{"line":1440,"column":61}},"1441":{"start":{"line":1442,"column":0},"end":{"line":1442,"column":24}},"1442":{"start":{"line":1443,"column":0},"end":{"line":1443,"column":28}},"1443":{"start":{"line":1444,"column":0},"end":{"line":1444,"column":86}},"1444":{"start":{"line":1445,"column":0},"end":{"line":1445,"column":9}},"1445":{"start":{"line":1446,"column":0},"end":{"line":1446,"column":12}},"1446":{"start":{"line":1447,"column":0},"end":{"line":1447,"column":5}},"1449":{"start":{"line":1450,"column":0},"end":{"line":1450,"column":50}},"1450":{"start":{"line":1451,"column":0},"end":{"line":1451,"column":42}},"1451":{"start":{"line":1452,"column":0},"end":{"line":1452,"column":104}},"1452":{"start":{"line":1453,"column":0},"end":{"line":1453,"column":74}},"1453":{"start":{"line":1454,"column":0},"end":{"line":1454,"column":12}},"1454":{"start":{"line":1455,"column":0},"end":{"line":1455,"column":5}},"1455":{"start":{"line":1456,"column":0},"end":{"line":1456,"column":37}},"1456":{"start":{"line":1457,"column":0},"end":{"line":1457,"column":21}},"1457":{"start":{"line":1458,"column":0},"end":{"line":1458,"column":45}},"1458":{"start":{"line":1459,"column":0},"end":{"line":1459,"column":93}},"1459":{"start":{"line":1460,"column":0},"end":{"line":1460,"column":88}},"1460":{"start":{"line":1461,"column":0},"end":{"line":1461,"column":12}},"1461":{"start":{"line":1462,"column":0},"end":{"line":1462,"column":5}},"1462":{"start":{"line":1463,"column":0},"end":{"line":1463,"column":48}},"1464":{"start":{"line":1465,"column":0},"end":{"line":1465,"column":32}},"1466":{"start":{"line":1467,"column":0},"end":{"line":1467,"column":71}},"1469":{"start":{"line":1470,"column":0},"end":{"line":1470,"column":34}},"1470":{"start":{"line":1471,"column":0},"end":{"line":1471,"column":55}},"1471":{"start":{"line":1472,"column":0},"end":{"line":1472,"column":36}},"1472":{"start":{"line":1473,"column":0},"end":{"line":1473,"column":44}},"1474":{"start":{"line":1475,"column":0},"end":{"line":1475,"column":43}},"1475":{"start":{"line":1476,"column":0},"end":{"line":1476,"column":54}},"1477":{"start":{"line":1478,"column":0},"end":{"line":1478,"column":66}},"1478":{"start":{"line":1479,"column":0},"end":{"line":1479,"column":14}},"1479":{"start":{"line":1480,"column":0},"end":{"line":1480,"column":23}},"1480":{"start":{"line":1481,"column":0},"end":{"line":1481,"column":63}},"1482":{"start":{"line":1483,"column":0},"end":{"line":1483,"column":7}},"1483":{"start":{"line":1484,"column":0},"end":{"line":1484,"column":69}},"1486":{"start":{"line":1487,"column":0},"end":{"line":1487,"column":39}},"1487":{"start":{"line":1488,"column":0},"end":{"line":1488,"column":69}},"1488":{"start":{"line":1489,"column":0},"end":{"line":1489,"column":66}},"1489":{"start":{"line":1490,"column":0},"end":{"line":1490,"column":23}},"1490":{"start":{"line":1491,"column":0},"end":{"line":1491,"colum
[...]
20,"column":4}},"22":{"start":{"line":23,"column":0},"end":{"line":23,"column":43}},"25":{"start":{"line":26,"column":0},"end":{"line":26,"column":24}},"28":{"start":{"line":29,"column":0},"end":{"line":29,"column":41}},"32":{"start":{"line":33,"column":0},"end":{"line":33,"column":3}},"35":{"start":{"line":36,"column":0},"end":{"line":36,"column":64}},"36":{"start":{"line":37,"column":0},"end":{"line":37,"column":19}},"42":{"start":{"line":43,"column":0},"end":{"line":43,"column":40}},"43":{"start":{"line":44,"column":0},"end":{"line":44,"column":4}},"46":{"start":{"line":47,"column":0},"end":{"line":47,"column":83}},"49":{"start":{"line":50,"column":0},"end":{"line":50,"column":37}},"55":{"start":{"line":56,"column":0},"end":{"line":56,"column":72}},"58":{"start":{"line":59,"column":0},"end":{"line":59,"column":3}},"62":{"start":{"line":63,"column":0},"end":{"line":63,"column":61}},"64":{"start":{"line":65,"column":0},"end":{"line":65,"column":29}},"69":{"start":{"line":70,"column":0},"end":{"line":70,"column":53}},"71":{"start":{"line":72,"column":0},"end":{"line":72,"column":3}},"75":{"start":{"line":76,"column":0},"end":{"line":76,"column":74}},"77":{"start":{"line":78,"column":0},"end":{"line":78,"column":37}},"83":{"start":{"line":84,"column":0},"end":{"line":84,"column":69}},"85":{"start":{"line":86,"column":0},"end":{"line":86,"column":1}},"89":{"start":{"line":90,"column":0},"end":{"line":90,"column":109}},"90":{"start":{"line":91,"column":0},"end":{"line":91,"column":19}},"94":{"start":{"line":95,"column":0},"end":{"line":95,"column":56}},"95":{"start":{"line":96,"column":0},"end":{"line":96,"column":34}},"96":{"start":{"line":97,"column":0},"end":{"line":97,"column":4}},"100":{"start":{"line":101,"column":0},"end":{"line":101,"column":49}},"101":{"start":{"line":102,"column":0},"end":{"line":102,"column":19}},"103":{"start":{"line":104,"column":0},"end":{"line":104,"column":26}},"104":{"start":{"line":105,"column":0},"end":{"line":105,"column":19}},"108":{"start":{"line":109,"column":0},"end":{"line":109,"column":53}},"109":{"start":{"line":110,"column":0},"end":{"line":110,"column":34}},"110":{"start":{"line":111,"column":0},"end":{"line":111,"column":4}},"114":{"start":{"line":115,"column":0},"end":{"line":115,"column":112}},"115":{"start":{"line":116,"column":0},"end":{"line":116,"column":19}},"119":{"start":{"line":120,"column":0},"end":{"line":120,"column":49}},"120":{"start":{"line":121,"column":0},"end":{"line":121,"column":4}},"123":{"start":{"line":124,"column":0},"end":{"line":124,"column":56}},"125":{"start":{"line":126,"column":0},"end":{"line":126,"column":34}},"126":{"start":{"line":127,"column":0},"end":{"line":127,"column":54}},"129":{"start":{"line":130,"column":0},"end":{"line":130,"column":36}},"131":{"start":{"line":132,"column":0},"end":{"line":132,"column":3}},"135":{"start":{"line":136,"column":0},"end":{"line":136,"column":61}},"137":{"start":{"line":138,"column":0},"end":{"line":138,"column":63}},"139":{"start":{"line":140,"column":0},"end":{"line":140,"column":36}},"141":{"start":{"line":142,"column":0},"end":{"line":142,"column":3}}},"s":{"0":1,"5":1,"6":0,"12":0,"13":0,"14":0,"15":0,"16":0,"17":0,"18":0,"19":0,"22":1,"25":0,"28":0,"32":0,"35":1,"36":0,"42":0,"43":0,"46":1,"49":0,"55":0,"58":0,"62":1,"64":0,"69":0,"71":0,"75":1,"77":0,"83":0,"85":0,"89":1,"90":0,"94":0,"95":0,"96":0,"100":1,"101":0,"103":0,"104":0,"108":0,"109":0,"110":0,"114":1,"115":0,"119":0,"120":0,"123":1,"125":0,"126":0,"129":0,"131":0,"135":1,"137":0,"139":0,"141":0},"branchMap":{},"b":{},"fnMap":{"0":{"name":"getUserGroupQuery","decl":{"start":{"line":6,"column":33},"end":{"line":20,"column":4}},"loc":{"start":{"line":6,"column":33},"end":{"line":20,"column":4}},"line":6},"1":{"name":"getAllGroupsQuery","decl":{"start":{"line":23,"column":33},"end":{"line":33,"column":3}},"loc":{"start":{"line":23,"column":33},"end":{"line":33,"column":3}},"line":23},"2":{"name":"getUsersByGroupQuery","decl":{"start":{"line":36,"column":36},"end":{"line":44,"column":4}},"loc":{"start":{"line":36,"column":36},"end":{"line":44,"column":4}},"line":36},"3":{"name":"assignPackageGroupQuery","decl":{"start":{"line":47,"column":39},"end":{"line":59,"column":3}},"loc":{"start":{"line":47,"column":39},"end":{"line":59,"column":3}},"line":47},"4":{"name":"checkGroupExistsQuery","decl":{"start":{"line":63,"column":35},"end":{"line":72,"column":3}},"loc":{"start":{"line":63,"column":35},"end":{"line":72,"column":3}},"line":63},"5":{"name":"updateUserGroupQuery","decl":{"start":{"line":76,"column":34},"end":{"line":86,"column":1}},"loc":{"start":{"line":76,"column":34},"end":{"line":86,"column":1}},"line":76},"6":{"name":"doesGroupExistQuery","decl":{"start":{"line":90,"column":35},"end":{"line":97,"column":4}},"loc":{"start":{"line":90,"column":35},"end":{"line":97,"column":4}},"line":90},"7":{"name":"isUserAlreadyInGroupQuery","decl":{"start":{"line":101,"column":42},"end":{"line":111,"column":4}},"loc":{"start":{"line":101,"column":42},"end":{"line":111,"column":4}},"line":101},"8":{"name":"insertUserToGroupQuery","decl":{"start":{"line":115,"column":40},"end":{"line":121,"column":4}},"loc":{"start":{"line":115,"column":40},"end":{"line":121,"column":4}},"line":115},"9":{"name":"insertToGroupsQuery","decl":{"start":{"line":124,"column":35},"end":{"line":132,"column":3}},"loc":{"start":{"line":124,"column":35},"end":{"line":132,"column":3}},"line":124},"10":{"name":"getAllGroupsWithNameQuery","decl":{"start":{"line":136,"column":39},"end":{"line":142,"column":3}},"loc":{"start":{"line":136,"column":39},"end":{"line":142,"column":3}},"line":136}},"f":{"0":0,"1":0,"2":0,"3":0,"4":0,"5":0,"6":0,"7":0,"8":0,"9":0,"10":0}}
,"D:\\7th Semester\\ECE 461\\phase 2\\our phase 2\\new\\Package-manager-phase-2-\\src\\queries\\packages_queries.ts": {"path":"D:\\7th Semester\\ECE 461\\phase 2\\our phase 2\\new\\Package-manager-phase-2-\\src\\queries\\packages_queries.ts","all":false,"statementMap":{"0":{"start":{"line":1,"column":0},"end":{"line":1,"column":13}},"7":{"start":{"line":8,"column":0},"end":{"line":8,"column":78}},"8":{"start":{"line":9,"column":0},"end":{"line":9,"column":17}},"27":{"start":{"line":28,"column":0},"end":{"line":28,"column":42}},"28":{"start":{"line":29,"column":0},"end":{"line":29,"column":2}},"30":{"start":{"line":31,"column":0},"end":{"line":31,"column":88}},"31":{"start":{"line":32,"column":0},"end":{"line":32,"column":17}},"39":{"start":{"line":40,"column":0},"end":{"line":40,"column":48}},"40":{"start":{"line":41,"column":0},"end":{"line":41,"column":2}},"43":{"start":{"line":44,"column":0},"end":{"line":44,"column":35}},"44":{"start":{"line":45,"column":0},"end":{"line":45,"column":21}},"45":{"start":{"line":46,"column":0},"end":{"line":46,"column":15}},"46":{"start":{"line":47,"column":0},"end":{"line":47,"column":17}},"47":{"start":{"line":48,"column":0},"end":{"line":48,"column":6}},"48":{"start":{"line":49,"column":0},"end":{"line":49,"column":17}},"53":{"start":{"line":54,"column":0},"end":{"line":54,"column":46}},"54":{"start":{"line":55,"column":0},"end":{"line":55,"column":2}},"56":{"start":{"line":57,"column":0},"end":{"line":57,"column":80}},"57":{"start":{"line":58,"column":0},"end":{"line":58,"column":17}},"73":{"start":{"line":74,"column":0},"end":{"line":74,"column":42}},"74":{"start":{"line":75,"column":0},"end":{"line":75,"column":2}},"75":{"start":{"line":76,"column":0},"end":{"line":76,"column":65}},"77":{"start":{"line":78,"column":0},"end":{"line":78,"column":29}},"82":{"start":{"line":83,"column":0},"end":{"line":83,"column":55}},"84":{"start":{"line":85,"column":0},"end":{"line":85,"column":1}},"86":{"start":{"line":87,"column":0},"end":{"line":87,"column":64}},"88":{"start":{"line":89,"column":0},"end":{"line":89,"column":15}},"93":{"start":{"line":94,"column":0},"end":{"line":94,"column":45}},"95":{"start":{"line":96,"column":0},"end":{"line":96,"column":1}},"98":{"start":{"line":99,"column":0},"end":{"line":99,"column":82}},"99":{"start":{"line":100,"column":0},"end":{"line":100,"column":17}},"108":{"start":{"line":109,"column":0},"end":{"line":109,"column":42}},"109":{"start":{"line":110,"column":0},"end":{"line":110,"column":2}},"112":{"start":{"line":113,"column":0},"end":{"line":113,"column":43}},"113":{"start":{"line":114,"column":0},"end":{"line":114,"column":21}},"114":{"start":{"line":115,"column":0},"end":{"line":115,"column":21}},"115":{"start":{"line":116,"column":0},"end":{"line":116,"column":17}},"116":{"start":{"line":117,"column":0},"end":{"line":117,"column":13}},"117":{"start":{"line":118,"column":0},"end":{"line":118,"column":18}},"118":{"start":{"line":119,"column":0},"end":{"line":119,"column":20}},"119":{"start":{"line":120,"column":0},"end":{"line":120,"column":20}},"120":{"start":{"line":121,"column":0},"end":{"line":121,"column":6}},"121":{"start":{"line":122,"column":0},"end":{"line":122,"column":17}},"126":{"start":{"line":127,"column":0},"end":{"line":127,"column":30}},"127":{"start":{"line":128,"column":0},"end":{"line":128,"column":15}},"128":{"start":{"line":129,"column":0},"end":{"line":129,"column":12}},"129":{"start":{"line":130,"column":0},"end":{"line":130,"column":8}},"130":{"start":{"line":131,"column":0},"end":{"line":131,"column":12}},"131":{"start":{"line":132,"column":0},"end":{"line":132,"column":15}},"132":{"start":{"line":133,"column":0},"end":{"line":133,"column":10}},"133":{"start":{"line":134,"column":0},"end":{"line":134,"column":5}},"134":{"start":{"line":135,"column":0},"end":{"line":135,"column":2}},"137":{"start":{"line":138,"column":0},"end":{"line":138,"column":48}},"138":{"start":{"line":139,"column":0},"end":{"line":139,"column":20}},"151":{"start":{"line":152,"column":0},"end":{"line":152,"column":5}},"152":{"start":{"line":153,"column":0},"end":{"line":153,"column":35}},"153":{"start":{"line":154,"column":0},"end":{"line":154,"column":4}},"155":{"start":{"line":156,"column":0},"end":{"line":156,"column":61}},"157":{"start":{"line":158,"column":0},"end":{"line":158,"column":19}},"164":{"start":{"line":165,"column":0},"end":{"line":165,"column":40}},"165":{"start":{"line":166,"column":0},"end":{"line":166,"column":2}},"169":{"start":{"line":170,"column":0},"end":{"line":170,"column":101}},"171":{"start":{"line":172,"column":0},"end":{"line":172,"column":17}},"179":{"start":{"line":180,"column":0},"end":{"line":180,"column":53}},"180":{"start":{"line":181,"column":0},"end":{"line":181,"column":2}},"181":{"start":{"line":182,"column":0},"end":{"line":182,"column":115}},"182":{"start":{"line":183,"column":0},"end":{"line":183,"column":7}},"185":{"start":{"line":186,"column":0},"end":{"line":186,"column":36}},"186":{"start":{"line":187,"column":0},"end":{"line":187,"column":19}},"194":{"start":{"line":195,"column":0},"end":{"line":195,"column":46}},"195":{"start":{"line":196,"column":0},"end":{"line":196,"column":24}},"196":{"start":{"line":197,"column":0},"end":{"line":197,"column":63}},"197":{"start":{"line":198,"column":0},"end":{"line":198,"column":58}},"198":{"start":{"line":199,"column":0},"end":{"line":199,"column":5}},"199":{"start":{"line":200,"column":0},"end":{"line":200,"column":40}},"200":{"start":{"line":201,"column":0},"end":{"line":201,"column":3}},"201":{"start":{"line":202,"column":0},"end":{"line":202,"column":2}},"203":{"start":{"line":204,"column":0},"end":{"line":204,"column":42}},"204":{"start":{"line":205,"column":0},"end":{"line":205,"column":20}},"205":{"start":{"line":206,"column":0},"end":{"line":206,"column":20}},"206":{"start":{"line":207,"column":0},"end":{"line":207,"column":27}},"207":{"start":{"line":208,"column":0},"end":{"line":208,"column":30}},"208":{"start":{"line":209,"column":0},"end":{"line":209,"column":23}},"209":{"start":{"line":210,"column":0},"end":{"line":210,"column":26}},"210":{"start":{"line":211,"column":0},"end":{"line":211,"column":30}},"211":{"start":{"line":212,"column":0},"end":{"line":212,"column":23}},"212":{"start":{"line":213,"column":0},"end":{"line":213,"column":28}},"213":{"start":{"line":214,"column":0},"end":{"line":214,"column":35}},"214":{"start":{"line":215,"column":0},"end":{"line":215,"column":38}},"215":{"start":{"line":216,"column":0},"end":{"line":216,"column":31}},"216":{"start":{"line":217,"column":0},"end":{"line":217,"column":34}},"217":{"start":{"line":218,"column":0},"end":{"line":218,"column":38}},"218":{"start":{"line":219,"column":0},"end":{"line":219,"column":31}},"219":{"start":{"line":220,"column":0},"end":{"line":220,"column":36}},"220":{"start":{"line":221,"column":0},"end":{"line":221,"column":25}},"221":{"start":{"line":222,"column":0},"end":{"line":222,"column":32}},"222":{"start":{"line":223,"column":0},"end":{"line":223,"column":6}},"223":{"start":{"line":224,"column":0},"end":{"line":224,"column":17}},"239":{"start":{"line":240,"column":0},"end":{"line":240,"column":18}},"240":{"start":{"line":241,"column":0},"end":{"line":241,"column":81}},"241":{"start":{"line":242,"column":0},"end":{"line":242,"column":58}},"242":{"start":{"line":243,"column":0},"end":{"line":243,"column":66}},"243":{"start":{"line":244,"column":0},"end":{"line":244,"column":67}},"244":{"start":{"line":245,"column":0},"end":{"line":245,"column":21}},"245":{"start":{"line":246,"column":0},"end":{"line":246,"column":4}},"247":{"start":{"line":248,"column":0},"end":{"line":248,"column":37}},"248":{"start":{"line":249,"column":0},"end":{"line":249,"column":2}},"252":{"start":{"line":253,"column":0},"end":{"line":253,"column":116}},"254":{"start":{"line":255,"column":0},"end":{"line":255,"column":39}},"256":{"start":{"line":257,"column":0},"end":{"line":257,"column":15}},"262":{"start":{"line":263,"column":0},"end":{"line":263,"column":12}},"263":{"start":{"line":264,"column":0},"end":{"line":264,"column":77}},"265":{"start":{"line":266,"column":0},"end":{"line":266,"column":75}},"266":{"start":{"line":267,"column":0},"end":{"line":267,"column":1}},"269":{"start":{"line":270,"column":0},"end":{"line":270,"column":104}},"271":{"start":{"line":272,"column":0},"end":{"line":272,"column":39}},"273":{"start":{"line":274,"column":0},"end":{"line":274,"column":15}},"279":{"start":{"line":280,"column":0},"end":{"line":280,"column":73}},"282":{"start":{"line":283,"column":0},"end":{"line":283,"column":1}},"285":{"start":{"line":286,"column":0},"end":{"line":286,"column":40}},"286":{"start":{"line":287,"column":0},"end":{"line":287,"column":21}},"287":{"start":{"line":288,"column":0},"end":{"line":288,"column":13}},"288":{"start":{"line":289,"column":0},"end":{"line":289,"column":21}},"289":{"start":{"line":290,"column":0},"end":{"line":290,"column":21}},"290":{"start":{"line":291,"column":0},"end":{"line":291,"column":16}},"291":{"start":{"line":292,"column":0},"end":{"line":292,"column":6}},"292":{"start":{"line":293,"column":0},"end":{"line":293,"column":17}},"297":{"start":{"line":298,"column":0},"end":{"line":298,"column":64}},"298":{"start":{"line":299,"column":0},"end":{"line":299,"column":2}},"301":{"start":{"line":302,"column":0},"end":{"line":302,"column":46}},"302":{"start":{"line":303,"column":0},"end":{"line":303,"column":21}},"303":{"start":{"line":304,"column":0},"end":{"line":304,"column":13}},"304":{"start":{"line":305,"column":0},"end":{"line":305,"column":6}},"305":{"start":{"line":306,"column":0},"end":{"line":306,"column":17}},"308":{"start":{"line":309,"column":0},"end":{"line":309,"column":35}},"309":{"start":{"line":310,"column":0},"end":{"line":310,"column":2}}},"s":{"0":1,"7":1,"8":0,"27":0,"28":0,"30":1,"31":0,"39":0,"40":0,"43":1,"44":0,"45":0,"46":0,"47":0,"48":0,"53":0,"54":0,"56":1,"57":0,"73":0,"74":0,"75":1,"77":0,"82":0,"84":0,"86":1,"88":0,"93":0,"95":0,"98":1,"99":0,"108":0,"109":0,"112":1,"113":0,"114":0,"115":0,"116":0,"117":0,"118":0,"119":0,"120":0,"121":0,"126":0,"127":0,"128":0,"129":0,"130":0,"131":0,"132":0,"133":0,"134":0,"137":1,"138":0,"151":0,"152":0,"153":0,"155":1,"157":0,"164":0,"165":0,"169":1,"171":0,"179":0,"180":0,"181":1,"182":0,"185":0,"186":0,"194":0,"195":0,"196":0,"197":0,"198":0,"199":0,"200":0,"201":0,"203":1,"204":0,"205":0,"206":0,"207":0,"208":0,"209":0,"210":0,"211":0,"212":0,"213":0,"214":0,"215":0,"216":0,"217":0,"218":0,"219":0,"220":0,"221":0,"222":0,"223":0,"239":0,"240":0,"241":0,"242":0,"243":0,"244":0,"245":0,"247":0,"248":0,"252":1,"254":0,"256":0,"262":0,"263":0,"265":0,"266":0,"269":1,"271":0,"273":0,"279":0,"282":0,"285":1,"286":0,"287":0,"288":0,"289":0,"290":0,"291":0,"292":0,"297":0,"298":0,"301":1,"302":0,"303":0,"304":0,"305":0,"308":0,"309":0},"branchMap":{},"b":{},"fnMap":{"0":{"name":"getPackageByIDQuery","decl":{"start":{"line":8,"column":35},"end":{"line":29,"column":2}},"loc":{"start":{"line":8,"column":35},"end":{"line":29,"column":2}},"line":8},"1":{"name":"getPackageNameByIDQuery","decl":{"start":{"line":31,"column":39},"end":{"line":41,"column":2}},"loc":{"start":{"line":31,"column":39},"end":{"line":41,"column":2}},"line":31},"2":{"name":"insertPackageQuery","decl":{"start":{"line":44,"column":34},"end":{"line":55,"column":2}},"loc":{"start":{"line":44,"column":34},"end":{"line":55,"column":2}},"line":44},"3":{"name":"getLatestPackageQuery","decl":{"start":{"line":57,"column":37},"end":{"line":75,"column":2}},"loc":{"start":{"line":57,"column":37},"end":{"line":75,"column":2}},"line":57},"4":{"name":"checkPackageExistsQuery","decl":{"start":{"line":76,"column":37},"end":{"line":85,"column":1}},"loc":{"start":{"line":76,"column":37},"end":{"line":85,"column":1}},"line":76},"5":{"name":"getPackageHistoryQuery","decl":{"start":{"line":87,"column":36},"end":{"line":96,"column":1}},"loc":{"start":{"line":87,"column":36},"end":{"line":96,"column":1}},"line":87},"6":{"name":"getNameVersionByIdQuery","decl":{"start":{"line":99,"column":39},"end":{"line":110,"column":2}},"loc":{"start":{"line":99,"column":39},"end":{"line":110,"column":2}},"line":99},"7":{"name":"insertIntoPackageDataQuery","decl":{"start":{"line":113,"column":42},"end":{"line":135,"column":2}},"loc":{"start":{"line":113,"column":42},"end":{"line":135,"column":2}},"line":113},"8":{"name":"resetRegistryQuery","decl":{"start":{"line":138,"column":36},"end":{"line":154,"column":4}},"loc":{"start":{"line":138,"column":36},"end":{"line":154,"column":4}},"line":138},"9":{"name":"getPackageRatingQuery","decl":{"start":{"line":156,"column":37},"end":{"line":166,"column":2}},"loc":{"start":{"line":156,"column":37},"end":{"line":166,"column":2}},"line":156},"10":{"name":"searchPackagesByRegExQuery","decl":{"start":{"line":170,"column":42},"end":{"line":181,"column":2}},"loc":{"start":{"line":170,"column":42},"end":{"line":181,"column":2}},"line":170},"11":{"name":"searchPackagesByRegExQueryForAdminQuery","decl":{"start":{"line":182,"column":55},"end":{"line":202,"column":2}},"loc":{"start":{"line":182,"column":55},"end":{"line":202,"column":2}},"line":182},"12":{"name":"insertPackageRatingQuery","decl":{"start":{"line":204,"column":41},"end":{"line":249,"column":2}},"loc":{"start":{"line":204,"column":41},"end":{"line":249,"column":2}},"line":204},"13":{"name":"insertToPackageHistoryQuery","decl":{"start":{"line":253,"column":42},"end":{"line":267,"column":1}},"loc":{"start":{"line":253,"column":42},"end":{"line":267,"column":1}},"line":253},"14":{"name":"insertToPackageHistoryRatingQuery","decl":{"start":{"line":270,"column":48},"end":{"line":283,"column":1}},"loc":{"start":{"line":270,"column":48},"end":{"line":283,"column":1}},"line":270},"15":{"name":"insertPackageDependency","decl":{"start":{"line":286,"column":39},"end":{"line":299,"column":2}},"loc":{"start":{"line":286,"column":39},"end":{"line":299,"column":2}},"line":286},"16":{"name":"getPackageDependeciesByIDQuery","decl":{"start":{"line":302,"column":45},"end":{"line":310,"column":2}},"loc":{"start":{"line":302,"column":45},"end":{"line":310,"column":2}},"line":302}},"f":{"0":0,"1":0,"2":0,"3":0,"4":0,"5":0,"6":0,"7":0,"8":0,"9":0,"10":0,"11":0,"12":0,"13":0,"14":0,"15":0,"16":0}}
}
